Using pre-set license
Built from '2022.3/staging' branch; Version is '2022.3.14f1 (eff2de9070d8) revision 15725278'; Using compiler version '192829333'; Build Type 'Release'
OS: 'Windows 10  (10.0.19045) 64bit Professional' Language: 'en' Physical Memory: 16275 MB
BatchMode: 1, IsHumanControllingUs: 0, StartBugReporterOnCrash: 0, Is64bit: 1, IsPro: 1

COMMAND LINE ARGUMENTS:
C:\Program Files\Unity\Hub\Editor\2022.3.14f1\Editor\Unity.exe
-adb2
-batchMode
-noUpm
-name
AssetImportWorker4
-projectPath
C:/Users/Max Musau/Desktop/Create-The-Greenprint-main (1)/Create-The-Greenprint-main/GP-Web
-logFile
Logs/AssetImportWorker4.log
-srvPort
52586
Successfully changed project path to: C:/Users/Max Musau/Desktop/Create-The-Greenprint-main (1)/Create-The-Greenprint-main/GP-Web
C:/Users/Max Musau/Desktop/Create-The-Greenprint-main (1)/Create-The-Greenprint-main/GP-Web
[UnityMemory] Configuration Parameters - Can be set up in boot.config
    "memorysetup-bucket-allocator-granularity=16"
    "memorysetup-bucket-allocator-bucket-count=8"
    "memorysetup-bucket-allocator-block-size=33554432"
    "memorysetup-bucket-allocator-block-count=8"
    "memorysetup-main-allocator-block-size=16777216"
    "memorysetup-thread-allocator-block-size=16777216"
    "memorysetup-gfx-main-allocator-block-size=16777216"
    "memorysetup-gfx-thread-allocator-block-size=16777216"
    "memorysetup-cache-allocator-block-size=4194304"
    "memorysetup-typetree-allocator-block-size=2097152"
    "memorysetup-profiler-bucket-allocator-granularity=16"
    "memorysetup-profiler-bucket-allocator-bucket-count=8"
    "memorysetup-profiler-bucket-allocator-block-size=33554432"
    "memorysetup-profiler-bucket-allocator-block-count=8"
    "memorysetup-profiler-allocator-block-size=16777216"
    "memorysetup-profiler-editor-allocator-block-size=1048576"
    "memorysetup-temp-allocator-size-main=16777216"
    "memorysetup-job-temp-allocator-block-size=2097152"
    "memorysetup-job-temp-allocator-block-size-background=1048576"
    "memorysetup-job-temp-allocator-reduction-small-platforms=262144"
    "memorysetup-allocator-temp-initial-block-size-main=262144"
    "memorysetup-allocator-temp-initial-block-size-worker=262144"
    "memorysetup-temp-allocator-size-background-worker=32768"
    "memorysetup-temp-allocator-size-job-worker=262144"
    "memorysetup-temp-allocator-size-preload-manager=33554432"
    "memorysetup-temp-allocator-size-nav-mesh-worker=65536"
    "memorysetup-temp-allocator-size-audio-worker=65536"
    "memorysetup-temp-allocator-size-cloud-worker=32768"
    "memorysetup-temp-allocator-size-gi-baking-worker=262144"
    "memorysetup-temp-allocator-size-gfx=262144"
Player connection [15628] Host "[IP] 172.27.128.1 [Port] 0 [Flags] 2 [Guid] 60222977 [EditorId] 60222977 [Version] 1048832 [Id] WindowsEditor(7,DESKTOP-A9OBSHJ) [Debug] 1 [PackageName] WindowsEditor [ProjectName] Editor" joined multi-casting on [225.0.0.222:54997]...

Player connection [15628] Host "[IP] 172.27.128.1 [Port] 0 [Flags] 2 [Guid] 60222977 [EditorId] 60222977 [Version] 1048832 [Id] WindowsEditor(7,DESKTOP-A9OBSHJ) [Debug] 1 [PackageName] WindowsEditor [ProjectName] Editor" joined alternative multi-casting on [225.0.0.222:34997]...

[Physics::Module] Initialized MultithreadedJobDispatcher with 7 workers.
Refreshing native plugins compatible for Editor in 26.19 ms, found 3 plugins.
Preloading 0 native plugins for Editor in 0.00 ms.
Initialize engine version: 2022.3.14f1 (eff2de9070d8)
[Subsystems] Discovering subsystems at path C:/Program Files/Unity/Hub/Editor/2022.3.14f1/Editor/Data/Resources/UnitySubsystems
[Subsystems] Discovering subsystems at path C:/Users/Max Musau/Desktop/Create-The-Greenprint-main (1)/Create-The-Greenprint-main/GP-Web/Assets
GfxDevice: creating device client; threaded=0; jobified=0
Direct3D:
    Version:  Direct3D 11.0 [level 11.1]
    Renderer: Intel(R) UHD Graphics 620 (ID=0x5917)
    Vendor:   Intel
    VRAM:     8137 MB
    Driver:   27.20.100.8854
Initialize mono
Mono path[0] = 'C:/Program Files/Unity/Hub/Editor/2022.3.14f1/Editor/Data/Managed'
Mono path[1] = 'C:/Program Files/Unity/Hub/Editor/2022.3.14f1/Editor/Data/MonoBleedingEdge/lib/mono/unityjit-win32'
Mono config path = 'C:/Program Files/Unity/Hub/Editor/2022.3.14f1/Editor/Data/MonoBleedingEdge/etc'
Using monoOptions --debugger-agent=transport=dt_socket,embedding=1,server=y,suspend=n,address=127.0.0.1:56604
Begin MonoManager ReloadAssembly
Registering precompiled unity dll's ...
Register platform support module: C:/Program Files/Unity/Hub/Editor/2022.3.14f1/Editor/Data/PlaybackEngines/AndroidPlayer/UnityEditor.Android.Extensions.dll
Register platform support module: C:/Program Files/Unity/Hub/Editor/2022.3.14f1/Editor/Data/PlaybackEngines/WindowsStandaloneSupport/UnityEditor.WindowsStandalone.Extensions.dll
Registered in 0.053764 seconds.
- Loaded All Assemblies, in  1.359 seconds
Native extension for WindowsStandalone target not found
Native extension for Android target not found
Android Extension - Scanning For ADB Devices 943 ms
Mono: successfully reloaded assembly
- Finished resetting the current domain, in  2.028 seconds
Domain Reload Profiling: 3382ms
	BeginReloadAssembly (359ms)
		ExecutionOrderSort (0ms)
		DisableScriptedObjects (0ms)
		BackupInstance (0ms)
		ReleaseScriptingObjects (0ms)
		CreateAndSetChildDomain (3ms)
	RebuildCommonClasses (125ms)
	RebuildNativeTypeToScriptingClass (54ms)
	initialDomainReloadingComplete (248ms)
	LoadAllAssembliesAndSetupDomain (566ms)
		LoadAssemblies (352ms)
		RebuildTransferFunctionScriptingTraits (0ms)
		AnalyzeDomain (559ms)
			TypeCache.Refresh (554ms)
				TypeCache.ScanAssembly (493ms)
			ScanForSourceGeneratedMonoScriptInfo (2ms)
			ResolveRequiredComponents (2ms)
	FinalizeReload (2029ms)
		ReleaseScriptCaches (0ms)
		RebuildScriptCaches (0ms)
		SetupLoadedEditorAssemblies (1799ms)
			LogAssemblyErrors (0ms)
			InitializePlatformSupportModulesInManaged (1282ms)
			SetLoadedEditorAssemblies (10ms)
			RefreshPlugins (0ms)
			BeforeProcessingInitializeOnLoad (6ms)
			ProcessInitializeOnLoadAttributes (330ms)
			ProcessInitializeOnLoadMethodAttributes (171ms)
			AfterProcessingInitializeOnLoad (0ms)
			EditorAssembliesLoaded (0ms)
		ExecutionOrderSort2 (0ms)
		AwakeInstancesAfterBackupRestoration (0ms)
========================================================================
Worker process is ready to serve import requests
Begin MonoManager ReloadAssembly
- Loaded All Assemblies, in  2.503 seconds
Refreshing native plugins compatible for Editor in 10.68 ms, found 3 plugins.
Native extension for WindowsStandalone target not found
Native extension for Android target not found
Package Manager log level set to [2]
[Package Manager] Server::EnsureServerProcessIsRunning -- launch failed, reason: Unity was launched with the -noUpm command-line argument
[Package Manager] UpmClient::Send -- Unable to send message (not connected to UPM process).
[Package Manager] Cannot connect to Unity Package Manager local server
Mono: successfully reloaded assembly
- Finished resetting the current domain, in  2.097 seconds
Domain Reload Profiling: 4589ms
	BeginReloadAssembly (617ms)
		ExecutionOrderSort (0ms)
		DisableScriptedObjects (29ms)
		BackupInstance (0ms)
		ReleaseScriptingObjects (0ms)
		CreateAndSetChildDomain (65ms)
	RebuildCommonClasses (137ms)
	RebuildNativeTypeToScriptingClass (32ms)
	initialDomainReloadingComplete (128ms)
	LoadAllAssembliesAndSetupDomain (1576ms)
		LoadAssemblies (1131ms)
		RebuildTransferFunctionScriptingTraits (0ms)
		AnalyzeDomain (826ms)
			TypeCache.Refresh (753ms)
				TypeCache.ScanAssembly (703ms)
			ScanForSourceGeneratedMonoScriptInfo (53ms)
			ResolveRequiredComponents (17ms)
	FinalizeReload (2099ms)
		ReleaseScriptCaches (0ms)
		RebuildScriptCaches (0ms)
		SetupLoadedEditorAssemblies (1501ms)
			LogAssemblyErrors (0ms)
			InitializePlatformSupportModulesInManaged (85ms)
			SetLoadedEditorAssemblies (13ms)
			RefreshPlugins (0ms)
			BeforeProcessingInitializeOnLoad (256ms)
			ProcessInitializeOnLoadAttributes (981ms)
			ProcessInitializeOnLoadMethodAttributes (124ms)
			AfterProcessingInitializeOnLoad (40ms)
			EditorAssembliesLoaded (0ms)
		ExecutionOrderSort2 (0ms)
		AwakeInstancesAfterBackupRestoration (33ms)
Launched and connected shader compiler UnityShaderCompiler.exe after 0.10 seconds
Refreshing native plugins compatible for Editor in 10.73 ms, found 3 plugins.
Preloading 0 native plugins for Editor in 0.00 ms.
Unloading 3446 Unused Serialized files (Serialized files now loaded: 0)
Unloading 52 unused Assets / (1.3 MB). Loaded Objects now: 3904.
Memory consumption went from 152.6 MB to 151.3 MB.
Total: 9.214400 ms (FindLiveObjects: 0.506700 ms CreateObjectMapping: 0.556800 ms MarkObjects: 7.580100 ms  DeleteObjects: 0.569000 ms)

AssetImportParameters requested are different than current active one (requested -> active):
  custom:container-demuxer-ogg: 62fdf1f143b41e24485cea50d1cbac27 -> 
  custom:video-decoder-ogg-theora: a1e56fd34408186e4bbccfd4996cb3dc -> 
  custom:framework-win-MediaFoundation: 216162199b28c13a410421893ffa2e32 -> 
  custom:CustomObjectIndexerAttribute: 756ad292c208cfabdd7b50bc23989ffe -> 
  custom:container-demuxer-webm: 4f35f7cbe854078d1ac9338744f61a02 -> 
  custom:container-muxer-webm: aa71ff27fc2769a1b78a27578f13a17b -> 
  custom:video-decoder-webm-vp8: 9c59270c3fd7afecdb556c50c9e8de78 -> 
  custom:SearchIndexIgnoredProperties: e643bd26f0fe6173181afceb89e7c659 -> 
  custom:AudioImporter_EditorPlatform: d09bf68614088b80899f8185d706f6e7 -> 
  custom:video-encoder-webm-vp8: eb34c28f22e8b96e1ab97ce403110664 -> 
  custom:audio-decoder-ogg-vorbis: bf7c407c2cedff20999df2af8eb42d56 -> 
  custom:audio-encoder-webm-vorbis: bf7c407c2cedff20999df2af8eb42d56 -> 
========================================================================
Received Import Request.
  Time since last request: 1654246.642487 seconds.
  path: Assets/beffio/UI - BUILDER/Source Files/Panels/Panels@2x-assets/CornerPanels/CornerPanelRadius_24px_Stroke_1px.png
  artifactKey: Guid(1f3ffa4f60190464f8c0bfab03168cb8) Importer(815301076,1909f56bfc062723c751e8b465ee728b)
Start importing Assets/beffio/UI - BUILDER/Source Files/Panels/Panels@2x-assets/CornerPanels/CornerPanelRadius_24px_Stroke_1px.png using Guid(1f3ffa4f60190464f8c0bfab03168cb8) Importer(815301076,1909f56bfc062723c751e8b465ee728b)  -> (artifact id: 'd53bc49df76f4ee578422529eb24f9f8') in 0.244921 seconds
Number of updated asset objects reloaded before import = 0
Number of asset objects unloaded after import = 3
========================================================================
Received Import Request.
  Time since last request: 0.000076 seconds.
  path: Assets/beffio/UI - BUILDER/Source Files/Panels/Panels@2x-assets/CornerPanels/CornerPanelRadius_24px_Stroke_6px.png
  artifactKey: Guid(d2023dd156b783f439bc7c9316504467) Importer(815301076,1909f56bfc062723c751e8b465ee728b)
Start importing Assets/beffio/UI - BUILDER/Source Files/Panels/Panels@2x-assets/CornerPanels/CornerPanelRadius_24px_Stroke_6px.png using Guid(d2023dd156b783f439bc7c9316504467) Importer(815301076,1909f56bfc062723c751e8b465ee728b)  -> (artifact id: 'ec789a33fe1c4855cb957bd20c49e2d2') in 0.063634 seconds
Number of updated asset objects reloaded before import = 0
Number of asset objects unloaded after import = 3
========================================================================
Received Import Request.
  Time since last request: 0.163654 seconds.
  path: Assets/beffio/UI - BUILDER/Source Files/Panels/Panels@1x-assets/CornerPanels/CornerPanelRadius_24px_Stroke_10px.png
  artifactKey: Guid(ebc616fd2d62c674fa7777b81c37ba11) Importer(815301076,1909f56bfc062723c751e8b465ee728b)
Start importing Assets/beffio/UI - BUILDER/Source Files/Panels/Panels@1x-assets/CornerPanels/CornerPanelRadius_24px_Stroke_10px.png using Guid(ebc616fd2d62c674fa7777b81c37ba11) Importer(815301076,1909f56bfc062723c751e8b465ee728b)  -> (artifact id: '237b11c49ddc3e52caa3b7612b2c1f93') in 0.147215 seconds
Number of updated asset objects reloaded before import = 0
Number of asset objects unloaded after import = 3
========================================================================
Received Import Request.
  Time since last request: 0.000072 seconds.
  path: Assets/beffio/UI - BUILDER/Source Files/Panels/Panels@1x-assets/CornerPanels/CornerPanelRadius_24px_Stroke_16px.png
  artifactKey: Guid(e5d69179e32025943bf60879980e38a6) Importer(815301076,1909f56bfc062723c751e8b465ee728b)
Start importing Assets/beffio/UI - BUILDER/Source Files/Panels/Panels@1x-assets/CornerPanels/CornerPanelRadius_24px_Stroke_16px.png using Guid(e5d69179e32025943bf60879980e38a6) Importer(815301076,1909f56bfc062723c751e8b465ee728b)  -> (artifact id: 'e73bff0e78ab5a6b0451a439df184bee') in 0.072214 seconds
Number of updated asset objects reloaded before import = 0
Number of asset objects unloaded after import = 3
========================================================================
Received Import Request.
  Time since last request: 59.793285 seconds.
  path: Assets/beffio/UI - BUILDER/Source Files/_RAWFiles/UI-Builder-Icons.psd
  artifactKey: Guid(07748139338094bcf8e3bff547c08b2d) Importer(815301076,1909f56bfc062723c751e8b465ee728b)
Start importing Assets/beffio/UI - BUILDER/Source Files/_RAWFiles/UI-Builder-Icons.psd using Guid(07748139338094bcf8e3bff547c08b2d) Importer(815301076,1909f56bfc062723c751e8b465ee728b)  -> (artifact id: '72eb77c5ba469dbeab9a1d7e714a5a6b') in 0.069248 seconds
Number of updated asset objects reloaded before import = 0
Number of asset objects unloaded after import = 2
========================================================================
Received Import Request.
  Time since last request: 10.927131 seconds.
  path: Assets/beffio/UI - BUILDER/Source Files/_RAWFiles/UI-Builder-Vectors.ai
  artifactKey: Guid(e453bd83757b845b9a45521b13d2e103) Importer(815301076,1909f56bfc062723c751e8b465ee728b)
Start importing Assets/beffio/UI - BUILDER/Source Files/_RAWFiles/UI-Builder-Vectors.ai using Guid(e453bd83757b845b9a45521b13d2e103) Importer(815301076,1909f56bfc062723c751e8b465ee728b)  -> (artifact id: 'b98c6b1cb6fbf4c7c2aa92eade9f8bb2') in 0.001860 seconds
Number of updated asset objects reloaded before import = 0
Number of asset objects unloaded after import = 1
========================================================================
Received Import Request.
  Time since last request: 19.592767 seconds.
  path: Assets/_GP
  artifactKey: Guid(039df3578d187ae4fb081962a9dba62d) Importer(815301076,1909f56bfc062723c751e8b465ee728b)
Start importing Assets/_GP using Guid(039df3578d187ae4fb081962a9dba62d) Importer(815301076,1909f56bfc062723c751e8b465ee728b)  -> (artifact id: '5acd866f5e65e601092821a945054d32') in 0.001027 seconds
Number of updated asset objects reloaded before import = 0
Number of asset objects unloaded after import = 0
========================================================================
Received Import Request.
  Time since last request: 20.057702 seconds.
  path: Assets/beffio/UI - BUILDER/Source Files/Panels/Panels@1x-assets/CornerPanels/CornerPanelRadius_24px_Stroke_20px.png
  artifactKey: Guid(e71dfd44f9ca1d9428d5efe71f065d14) Importer(815301076,1909f56bfc062723c751e8b465ee728b)
Start importing Assets/beffio/UI - BUILDER/Source Files/Panels/Panels@1x-assets/CornerPanels/CornerPanelRadius_24px_Stroke_20px.png using Guid(e71dfd44f9ca1d9428d5efe71f065d14) Importer(815301076,1909f56bfc062723c751e8b465ee728b)  -> (artifact id: 'e93d45a3ddb9c6935248f7d67060a6c8') in 0.151443 seconds
Number of updated asset objects reloaded before import = 0
Number of asset objects unloaded after import = 3
========================================================================
Received Import Request.
  Time since last request: 0.000134 seconds.
  path: Assets/beffio/UI - BUILDER/Source Files/Panels/Panels@1x-assets/CornerPanels/CornerPanelRadius_34px_Fill.png
  artifactKey: Guid(8da86438290b7d64eb1d62723389c0d3) Importer(815301076,1909f56bfc062723c751e8b465ee728b)
Start importing Assets/beffio/UI - BUILDER/Source Files/Panels/Panels@1x-assets/CornerPanels/CornerPanelRadius_34px_Fill.png using Guid(8da86438290b7d64eb1d62723389c0d3) Importer(815301076,1909f56bfc062723c751e8b465ee728b)  -> (artifact id: '9d5e1a654ed756c9e0d03af86bdb0369') in 0.183019 seconds
Number of updated asset objects reloaded before import = 0
Number of asset objects unloaded after import = 3
========================================================================
Received Import Request.
  Time since last request: 0.000065 seconds.
  path: Assets/beffio/UI - BUILDER/Source Files/Panels/Panels@2x-assets/CornerPanels/CornerPanelRadius_34px_Stroke_1px.png
  artifactKey: Guid(5f9315d4a2f1af04e8783b5e65ba3e19) Importer(815301076,1909f56bfc062723c751e8b465ee728b)
Start importing Assets/beffio/UI - BUILDER/Source Files/Panels/Panels@2x-assets/CornerPanels/CornerPanelRadius_34px_Stroke_1px.png using Guid(5f9315d4a2f1af04e8783b5e65ba3e19) Importer(815301076,1909f56bfc062723c751e8b465ee728b)  -> (artifact id: '884708b820eb829c83076ed6f5d4436b') in 0.074257 seconds
Number of updated asset objects reloaded before import = 0
Number of asset objects unloaded after import = 3
========================================================================
Received Import Request.
  Time since last request: 0.002379 seconds.
  path: Assets/beffio/UI - BUILDER/Source Files/Panels/Panels@1x-assets/CornerPanels/CornerPanelRadius_34px_Stroke_2px.png
  artifactKey: Guid(abef4d6af716c1a45a156a06b45fe60e) Importer(815301076,1909f56bfc062723c751e8b465ee728b)
Start importing Assets/beffio/UI - BUILDER/Source Files/Panels/Panels@1x-assets/CornerPanels/CornerPanelRadius_34px_Stroke_2px.png using Guid(abef4d6af716c1a45a156a06b45fe60e) Importer(815301076,1909f56bfc062723c751e8b465ee728b)  -> (artifact id: '00993bc9ca1d8e4d563a23724c658ed2') in 0.072113 seconds
Number of updated asset objects reloaded before import = 0
Number of asset objects unloaded after import = 3
========================================================================
Received Import Request.
  Time since last request: 0.000041 seconds.
  path: Assets/beffio/UI - BUILDER/Source Files/Panels/Panels@2x-assets/CornerPanels/CornerPanelRadius_34px_Stroke_6px.png
  artifactKey: Guid(b2b15c85265c52c46b4c9fc51ad2aa16) Importer(815301076,1909f56bfc062723c751e8b465ee728b)
Start importing Assets/beffio/UI - BUILDER/Source Files/Panels/Panels@2x-assets/CornerPanels/CornerPanelRadius_34px_Stroke_6px.png using Guid(b2b15c85265c52c46b4c9fc51ad2aa16) Importer(815301076,1909f56bfc062723c751e8b465ee728b)  -> (artifact id: '0055a1695beb2c199d63a51804346cc6') in 0.094680 seconds
Number of updated asset objects reloaded before import = 0
Number of asset objects unloaded after import = 3
========================================================================
Received Import Request.
  Time since last request: 0.000051 seconds.
  path: Assets/beffio/UI - BUILDER/Source Files/Panels/Panels@1x-assets/CornerPanels/CornerPanelRadius_34px_Stroke_12px.png
  artifactKey: Guid(1de4baa17141d0144841ab783f7a9a72) Importer(815301076,1909f56bfc062723c751e8b465ee728b)
Start importing Assets/beffio/UI - BUILDER/Source Files/Panels/Panels@1x-assets/CornerPanels/CornerPanelRadius_34px_Stroke_12px.png using Guid(1de4baa17141d0144841ab783f7a9a72) Importer(815301076,1909f56bfc062723c751e8b465ee728b)  -> (artifact id: '655888fc5d9cde9a8eae0fa4f9e11735') in 0.094609 seconds
Number of updated asset objects reloaded before import = 0
Number of asset objects unloaded after import = 3
========================================================================
Received Import Request.
  Time since last request: 0.000103 seconds.
  path: Assets/beffio/UI - BUILDER/Source Files/Panels/Panels@1x-assets/CornerPanels/CornerPanelRadius_34px_Stroke_6px.png
  artifactKey: Guid(53b6340a15b6ff840aa4b88010aa6e28) Importer(815301076,1909f56bfc062723c751e8b465ee728b)
Start importing Assets/beffio/UI - BUILDER/Source Files/Panels/Panels@1x-assets/CornerPanels/CornerPanelRadius_34px_Stroke_6px.png using Guid(53b6340a15b6ff840aa4b88010aa6e28) Importer(815301076,1909f56bfc062723c751e8b465ee728b)  -> (artifact id: '3a80a524d7ab4480581f6e33907a2180') in 0.052991 seconds
Number of updated asset objects reloaded before import = 0
Number of asset objects unloaded after import = 3
========================================================================
Received Import Request.
  Time since last request: 0.000030 seconds.
  path: Assets/beffio/UI - BUILDER/Source Files/Panels/Panels@2x-assets/CornerPanels/CornerPanelRadius_34px_Stroke_20px.png
  artifactKey: Guid(35652bf9d920338468eeb3a2169d5707) Importer(815301076,1909f56bfc062723c751e8b465ee728b)
Start importing Assets/beffio/UI - BUILDER/Source Files/Panels/Panels@2x-assets/CornerPanels/CornerPanelRadius_34px_Stroke_20px.png using Guid(35652bf9d920338468eeb3a2169d5707) Importer(815301076,1909f56bfc062723c751e8b465ee728b)  -> (artifact id: '8ee7fa44a802eba4f2015b1c2cfdc2bc') in 0.059403 seconds
Number of updated asset objects reloaded before import = 0
Number of asset objects unloaded after import = 3
========================================================================
Received Import Request.
  Time since last request: 0.000028 seconds.
  path: Assets/beffio/UI - BUILDER/Source Files/Panels/Panels@1x-assets/CornerPanels/CornerPanelRadius_34px_Stroke_16px.png
  artifactKey: Guid(05708ab137f525d4e8afa3c8c8ab60c0) Importer(815301076,1909f56bfc062723c751e8b465ee728b)
Start importing Assets/beffio/UI - BUILDER/Source Files/Panels/Panels@1x-assets/CornerPanels/CornerPanelRadius_34px_Stroke_16px.png using Guid(05708ab137f525d4e8afa3c8c8ab60c0) Importer(815301076,1909f56bfc062723c751e8b465ee728b)  -> (artifact id: '6484e6b9ac1f309eda846d0457053459') in 0.055123 seconds
Number of updated asset objects reloaded before import = 0
Number of asset objects unloaded after import = 3
========================================================================
Received Import Request.
  Time since last request: 0.000029 seconds.
  path: Assets/beffio/UI - BUILDER/Source Files/Panels/Panels@2x-assets/CornerPanels/CornerPanelRadius_50px_Stroke_1px.png
  artifactKey: Guid(a2ce8871fe4904845bd7be1aecb96909) Importer(815301076,1909f56bfc062723c751e8b465ee728b)
Start importing Assets/beffio/UI - BUILDER/Source Files/Panels/Panels@2x-assets/CornerPanels/CornerPanelRadius_50px_Stroke_1px.png using Guid(a2ce8871fe4904845bd7be1aecb96909) Importer(815301076,1909f56bfc062723c751e8b465ee728b)  -> (artifact id: '97e89a35ea93f83003ab25b6c3e18027') in 0.062469 seconds
Number of updated asset objects reloaded before import = 0
Number of asset objects unloaded after import = 3
========================================================================
Received Import Request.
  Time since last request: 0.000099 seconds.
  path: Assets/beffio/UI - BUILDER/Source Files/Panels/Panels@2x-assets/CornerPanels/CornerPanelRadius_50px_Stroke_2px.png
  artifactKey: Guid(6d7d8e3b63765f249a2fffc770842fe0) Importer(815301076,1909f56bfc062723c751e8b465ee728b)
Start importing Assets/beffio/UI - BUILDER/Source Files/Panels/Panels@2x-assets/CornerPanels/CornerPanelRadius_50px_Stroke_2px.png using Guid(6d7d8e3b63765f249a2fffc770842fe0) Importer(815301076,1909f56bfc062723c751e8b465ee728b)  -> (artifact id: '117e160326b73dffdc4f87990359fe02') in 0.058477 seconds
Number of updated asset objects reloaded before import = 0
Number of asset objects unloaded after import = 3
========================================================================
Received Import Request.
  Time since last request: 0.000031 seconds.
  path: Assets/beffio/UI - BUILDER/Source Files/Panels/Panels@1x-assets/CornerPanels/CornerPanelRadius_50px_Fill.png
  artifactKey: Guid(d933e3d481575ca4b8c63bf881596b5f) Importer(815301076,1909f56bfc062723c751e8b465ee728b)
Start importing Assets/beffio/UI - BUILDER/Source Files/Panels/Panels@1x-assets/CornerPanels/CornerPanelRadius_50px_Fill.png using Guid(d933e3d481575ca4b8c63bf881596b5f) Importer(815301076,1909f56bfc062723c751e8b465ee728b)  -> (artifact id: '2069b662b5914e14d1dc34c2a86ac1dc') in 0.050405 seconds
Number of updated asset objects reloaded before import = 0
Number of asset objects unloaded after import = 3
========================================================================
Received Import Request.
  Time since last request: 0.000029 seconds.
  path: Assets/beffio/UI - BUILDER/Source Files/Panels/Panels@1x-assets/CornerPanels/CornerPanelRadius_50px_Stroke_4px.png
  artifactKey: Guid(89400dff2e014aa4d8de45b86be7eb3b) Importer(815301076,1909f56bfc062723c751e8b465ee728b)
Start importing Assets/beffio/UI - BUILDER/Source Files/Panels/Panels@1x-assets/CornerPanels/CornerPanelRadius_50px_Stroke_4px.png using Guid(89400dff2e014aa4d8de45b86be7eb3b) Importer(815301076,1909f56bfc062723c751e8b465ee728b)  -> (artifact id: 'e49f08bb0f13ddbe7067916eba962f84') in 0.058300 seconds
Number of updated asset objects reloaded before import = 0
Number of asset objects unloaded after import = 3
========================================================================
Received Import Request.
  Time since last request: 0.000031 seconds.
  path: Assets/beffio/UI - BUILDER/Source Files/Panels/Panels@1x-assets/CornerPanels/CornerPanelRadius_34px_Stroke_4px.png
  artifactKey: Guid(3a67b6f4189b4ea41a14a313c6b17609) Importer(815301076,1909f56bfc062723c751e8b465ee728b)
Start importing Assets/beffio/UI - BUILDER/Source Files/Panels/Panels@1x-assets/CornerPanels/CornerPanelRadius_34px_Stroke_4px.png using Guid(3a67b6f4189b4ea41a14a313c6b17609) Importer(815301076,1909f56bfc062723c751e8b465ee728b)  -> (artifact id: '1a926984794bb099bf2f4868e9ef4e76') in 0.060758 seconds
Number of updated asset objects reloaded before import = 0
Number of asset objects unloaded after import = 3
========================================================================
Received Import Request.
  Time since last request: 0.007383 seconds.
  path: Assets/beffio/UI - BUILDER/Source Files/Panels/Panels@2x-assets/CornerPanels/CornerPanelRadius_50px_Stroke_6px.png
  artifactKey: Guid(5422934704f6d8845ab81872ff973a47) Importer(815301076,1909f56bfc062723c751e8b465ee728b)
Start importing Assets/beffio/UI - BUILDER/Source Files/Panels/Panels@2x-assets/CornerPanels/CornerPanelRadius_50px_Stroke_6px.png using Guid(5422934704f6d8845ab81872ff973a47) Importer(815301076,1909f56bfc062723c751e8b465ee728b)  -> (artifact id: '82720139aadfb6a85b9524e514b4c197') in 0.053115 seconds
Number of updated asset objects reloaded before import = 0
Number of asset objects unloaded after import = 3
========================================================================
Received Import Request.
  Time since last request: 0.000026 seconds.
  path: Assets/beffio/UI - BUILDER/Source Files/Panels/Panels@2x-assets/CornerPanels/CornerPanelRadius_50px_Stroke_10px.png
  artifactKey: Guid(e66ddcb5ab3dd23409039c28f44f5347) Importer(815301076,1909f56bfc062723c751e8b465ee728b)
Start importing Assets/beffio/UI - BUILDER/Source Files/Panels/Panels@2x-assets/CornerPanels/CornerPanelRadius_50px_Stroke_10px.png using Guid(e66ddcb5ab3dd23409039c28f44f5347) Importer(815301076,1909f56bfc062723c751e8b465ee728b)  -> (artifact id: '8187194ad3ac47f536d083f29c445370') in 0.106610 seconds
Number of updated asset objects reloaded before import = 0
Number of asset objects unloaded after import = 3
========================================================================
Received Import Request.
  Time since last request: 0.000026 seconds.
  path: Assets/beffio/UI - BUILDER/Source Files/Panels/Panels@2x-assets/CornerPanels/CornerPanelRadius_50px_Stroke_16px.png
  artifactKey: Guid(7a5117e0bf3d55541b670aeb21e7addc) Importer(815301076,1909f56bfc062723c751e8b465ee728b)
Start importing Assets/beffio/UI - BUILDER/Source Files/Panels/Panels@2x-assets/CornerPanels/CornerPanelRadius_50px_Stroke_16px.png using Guid(7a5117e0bf3d55541b670aeb21e7addc) Importer(815301076,1909f56bfc062723c751e8b465ee728b)  -> (artifact id: '3001c0b0312fec20b31131eb0b1898f9') in 0.121477 seconds
Number of updated asset objects reloaded before import = 0
Number of asset objects unloaded after import = 3
========================================================================
Received Import Request.
  Time since last request: 0.000036 seconds.
  path: Assets/beffio/UI - BUILDER/Source Files/Panels/Panels@1x-assets/CornerPanels/CornerPanelRadius_50px_Stroke_20px.png
  artifactKey: Guid(1443695a02159704db048aff90f9e590) Importer(815301076,1909f56bfc062723c751e8b465ee728b)
Start importing Assets/beffio/UI - BUILDER/Source Files/Panels/Panels@1x-assets/CornerPanels/CornerPanelRadius_50px_Stroke_20px.png using Guid(1443695a02159704db048aff90f9e590) Importer(815301076,1909f56bfc062723c751e8b465ee728b)  -> (artifact id: '67519cef2250959cc4913fb9de65a093') in 0.076756 seconds
Number of updated asset objects reloaded before import = 0
Number of asset objects unloaded after import = 3
========================================================================
Received Import Request.
  Time since last request: 0.000045 seconds.
  path: Assets/beffio/UI - BUILDER/Source Files/Photography ┬⌐ beffio Tom Lassota/ColorEffects/Effect_4.png
  artifactKey: Guid(5f883732cb7c2da4ab5a28bc8fcc8310) Importer(815301076,1909f56bfc062723c751e8b465ee728b)
Start importing Assets/beffio/UI - BUILDER/Source Files/Photography ┬⌐ beffio Tom Lassota/ColorEffects/Effect_4.png using Guid(5f883732cb7c2da4ab5a28bc8fcc8310) Importer(815301076,1909f56bfc062723c751e8b465ee728b)  -> (artifact id: '3fc881af8511460923ec45c5e97404c5') in 0.058814 seconds
Number of updated asset objects reloaded before import = 0
Number of asset objects unloaded after import = 3
========================================================================
Received Import Request.
  Time since last request: 0.000028 seconds.
  path: Assets/beffio/UI - BUILDER/Source Files/Photography ┬⌐ beffio Tom Lassota/ColorEffects/Effect_7.png
  artifactKey: Guid(b9af916992f4833469a649df47201540) Importer(815301076,1909f56bfc062723c751e8b465ee728b)
Start importing Assets/beffio/UI - BUILDER/Source Files/Photography ┬⌐ beffio Tom Lassota/ColorEffects/Effect_7.png using Guid(b9af916992f4833469a649df47201540) Importer(815301076,1909f56bfc062723c751e8b465ee728b)  -> (artifact id: '84faaf3e9062aecd3a9e6335940e5ff8') in 0.068402 seconds
Number of updated asset objects reloaded before import = 0
Number of asset objects unloaded after import = 3
========================================================================
Received Import Request.
  Time since last request: 0.000029 seconds.
  path: Assets/beffio/UI - BUILDER/Source Files/Photography ┬⌐ beffio Tom Lassota/Kolobrzeg Poland Seaside - ┬⌐ beffio Tom Lassota.jpg
  artifactKey: Guid(fb8f771b6ed6a07498558e646ceee548) Importer(815301076,1909f56bfc062723c751e8b465ee728b)
Start importing Assets/beffio/UI - BUILDER/Source Files/Photography ┬⌐ beffio Tom Lassota/Kolobrzeg Poland Seaside - ┬⌐ beffio Tom Lassota.jpg using Guid(fb8f771b6ed6a07498558e646ceee548) Importer(815301076,1909f56bfc062723c751e8b465ee728b)  -> (artifact id: '71d25f73dde8c211f3d924581d40ef8a') in 0.115754 seconds
Number of updated asset objects reloaded before import = 0
Number of asset objects unloaded after import = 3
========================================================================
Received Import Request.
  Time since last request: 0.000037 seconds.
  path: Assets/beffio/UI - BUILDER/Source Files/Panels/Panels@2x-assets/Labels/LabelRadius_0px_Fill.png
  artifactKey: Guid(dac80c30b7ef2cd4ba071f8efc4d8a5d) Importer(815301076,1909f56bfc062723c751e8b465ee728b)
Start importing Assets/beffio/UI - BUILDER/Source Files/Panels/Panels@2x-assets/Labels/LabelRadius_0px_Fill.png using Guid(dac80c30b7ef2cd4ba071f8efc4d8a5d) Importer(815301076,1909f56bfc062723c751e8b465ee728b)  -> (artifact id: 'c739b84f5b30cefc870c4c01cf80885a') in 0.055422 seconds
Number of updated asset objects reloaded before import = 0
Number of asset objects unloaded after import = 3
========================================================================
Received Import Request.
  Time since last request: 0.000044 seconds.
  path: Assets/beffio/UI - BUILDER/Source Files/Panels/Panels@1x-assets/Labels/LabelRadius_0px_Stroke_4px.png
  artifactKey: Guid(fc5f3027645e41b4d8c130b5b1bc28a1) Importer(815301076,1909f56bfc062723c751e8b465ee728b)
Start importing Assets/beffio/UI - BUILDER/Source Files/Panels/Panels@1x-assets/Labels/LabelRadius_0px_Stroke_4px.png using Guid(fc5f3027645e41b4d8c130b5b1bc28a1) Importer(815301076,1909f56bfc062723c751e8b465ee728b)  -> (artifact id: '1568d3aa96aec160901bc52b83dd600f') in 0.062933 seconds
Number of updated asset objects reloaded before import = 0
Number of asset objects unloaded after import = 3
========================================================================
Received Import Request.
  Time since last request: 0.000036 seconds.
  path: Assets/beffio/UI - BUILDER/Source Files/Panels/Panels@1x-assets/Labels/LabelRadius_0px_Stroke_6px.png
  artifactKey: Guid(65b6a20ddd1ea774382bd89078951aed) Importer(815301076,1909f56bfc062723c751e8b465ee728b)
Start importing Assets/beffio/UI - BUILDER/Source Files/Panels/Panels@1x-assets/Labels/LabelRadius_0px_Stroke_6px.png using Guid(65b6a20ddd1ea774382bd89078951aed) Importer(815301076,1909f56bfc062723c751e8b465ee728b)  -> (artifact id: 'd0cf5580c6e854230062c8a583361ef3') in 0.060702 seconds
Number of updated asset objects reloaded before import = 0
Number of asset objects unloaded after import = 3
========================================================================
Received Import Request.
  Time since last request: 0.000026 seconds.
  path: Assets/beffio/UI - BUILDER/Source Files/Panels/Panels@2x-assets/Labels/LabelRadius_0px_Stroke_10px.png
  artifactKey: Guid(c3374a94c01b2a944b7428da1219773c) Importer(815301076,1909f56bfc062723c751e8b465ee728b)
Start importing Assets/beffio/UI - BUILDER/Source Files/Panels/Panels@2x-assets/Labels/LabelRadius_0px_Stroke_10px.png using Guid(c3374a94c01b2a944b7428da1219773c) Importer(815301076,1909f56bfc062723c751e8b465ee728b)  -> (artifact id: '52b5dbef289dd56a9e17906c532b9094') in 0.067216 seconds
Number of updated asset objects reloaded before import = 0
Number of asset objects unloaded after import = 3
========================================================================
Received Import Request.
  Time since last request: 0.000031 seconds.
  path: Assets/beffio/UI - BUILDER/Source Files/Panels/Panels@1x-assets/Labels/LabelRadius_0px_Fill.png
  artifactKey: Guid(e2d222ff67f498a4ba4efc3d7ee2986a) Importer(815301076,1909f56bfc062723c751e8b465ee728b)
Start importing Assets/beffio/UI - BUILDER/Source Files/Panels/Panels@1x-assets/Labels/LabelRadius_0px_Fill.png using Guid(e2d222ff67f498a4ba4efc3d7ee2986a) Importer(815301076,1909f56bfc062723c751e8b465ee728b)  -> (artifact id: '0192593019a0d6f2a14f7c9c92abfbf6') in 0.084407 seconds
Number of updated asset objects reloaded before import = 0
Number of asset objects unloaded after import = 3
========================================================================
Received Import Request.
  Time since last request: 0.000036 seconds.
  path: Assets/beffio/UI - BUILDER/Source Files/Panels/Panels@1x-assets/Labels/LabelRadius_0px_Stroke_1px.png
  artifactKey: Guid(4f5149125ea265d46b566ddc5ded5f9d) Importer(815301076,1909f56bfc062723c751e8b465ee728b)
Start importing Assets/beffio/UI - BUILDER/Source Files/Panels/Panels@1x-assets/Labels/LabelRadius_0px_Stroke_1px.png using Guid(4f5149125ea265d46b566ddc5ded5f9d) Importer(815301076,1909f56bfc062723c751e8b465ee728b)  -> (artifact id: '6e605759f181bdbc5a15fa01a6224b0b') in 0.125026 seconds
Number of updated asset objects reloaded before import = 0
Number of asset objects unloaded after import = 3
========================================================================
Received Import Request.
  Time since last request: 0.000061 seconds.
  path: Assets/beffio/UI - BUILDER/Source Files/Panels/Panels@2x-assets/Labels/LabelRadius_0px_Stroke_16px.png
  artifactKey: Guid(03458dc289f91b245bb12d4bcefce444) Importer(815301076,1909f56bfc062723c751e8b465ee728b)
Start importing Assets/beffio/UI - BUILDER/Source Files/Panels/Panels@2x-assets/Labels/LabelRadius_0px_Stroke_16px.png using Guid(03458dc289f91b245bb12d4bcefce444) Importer(815301076,1909f56bfc062723c751e8b465ee728b)  -> (artifact id: 'f541bd7a9ccf0ba882d75a60c23c4444') in 0.069662 seconds
Number of updated asset objects reloaded before import = 0
Number of asset objects unloaded after import = 3
========================================================================
Received Import Request.
  Time since last request: 0.000032 seconds.
  path: Assets/beffio/UI - BUILDER/Source Files/Panels/Panels@1x-assets/Labels/LabelRadius_0px_Stroke_12px.png
  artifactKey: Guid(b4efa14160d7320489caf3b485701a07) Importer(815301076,1909f56bfc062723c751e8b465ee728b)
Start importing Assets/beffio/UI - BUILDER/Source Files/Panels/Panels@1x-assets/Labels/LabelRadius_0px_Stroke_12px.png using Guid(b4efa14160d7320489caf3b485701a07) Importer(815301076,1909f56bfc062723c751e8b465ee728b)  -> (artifact id: '852be7f07bb60c33b98cff1786218eca') in 0.057942 seconds
Number of updated asset objects reloaded before import = 0
Number of asset objects unloaded after import = 3
========================================================================
Received Import Request.
  Time since last request: 0.000068 seconds.
  path: Assets/beffio/UI - BUILDER/Source Files/Panels/Panels@2x-assets/Labels/LabelRadius_0px_Stroke_20px.png
  artifactKey: Guid(386e1628ad3d6ad4eae158b49f16c892) Importer(815301076,1909f56bfc062723c751e8b465ee728b)
Start importing Assets/beffio/UI - BUILDER/Source Files/Panels/Panels@2x-assets/Labels/LabelRadius_0px_Stroke_20px.png using Guid(386e1628ad3d6ad4eae158b49f16c892) Importer(815301076,1909f56bfc062723c751e8b465ee728b)  -> (artifact id: 'ce6f503dc5076175c2c996163204d192') in 0.054855 seconds
Number of updated asset objects reloaded before import = 0
Number of asset objects unloaded after import = 3
========================================================================
Received Import Request.
  Time since last request: 0.000026 seconds.
  path: Assets/beffio/UI - BUILDER/Source Files/Panels/Panels@2x-assets/CornerPanels/CornerPanelRadius_50px_Stroke_20px.png
  artifactKey: Guid(75101bc7c7d835843ad4a3ecc33b8de5) Importer(815301076,1909f56bfc062723c751e8b465ee728b)
Start importing Assets/beffio/UI - BUILDER/Source Files/Panels/Panels@2x-assets/CornerPanels/CornerPanelRadius_50px_Stroke_20px.png using Guid(75101bc7c7d835843ad4a3ecc33b8de5) Importer(815301076,1909f56bfc062723c751e8b465ee728b)  -> (artifact id: '025ee7aa90f4a4676b5e067dd9f378af') in 0.057054 seconds
Number of updated asset objects reloaded before import = 0
Number of asset objects unloaded after import = 3
========================================================================
Received Import Request.
  Time since last request: 0.000050 seconds.
  path: Assets/beffio/UI - BUILDER/Source Files/Panels/Panels@2x-assets/Labels/LabelRadius_0px_Stroke_1px.png
  artifactKey: Guid(f1a991f7c3cea254ea0ddbdaa027d3a3) Importer(815301076,1909f56bfc062723c751e8b465ee728b)
Start importing Assets/beffio/UI - BUILDER/Source Files/Panels/Panels@2x-assets/Labels/LabelRadius_0px_Stroke_1px.png using Guid(f1a991f7c3cea254ea0ddbdaa027d3a3) Importer(815301076,1909f56bfc062723c751e8b465ee728b)  -> (artifact id: '5f1c62ca321b1165682940da53f51fde') in 0.055481 seconds
Number of updated asset objects reloaded before import = 0
Number of asset objects unloaded after import = 3
========================================================================
Received Import Request.
  Time since last request: 0.896390 seconds.
  path: Assets/beffio/UI - BUILDER/Source Files/Panels/Panels@2x-assets/Labels/LabelRadius_6px_Fill.png
  artifactKey: Guid(cf5b18c5be3659f4195e66c9d6c1aca8) Importer(815301076,1909f56bfc062723c751e8b465ee728b)
Start importing Assets/beffio/UI - BUILDER/Source Files/Panels/Panels@2x-assets/Labels/LabelRadius_6px_Fill.png using Guid(cf5b18c5be3659f4195e66c9d6c1aca8) Importer(815301076,1909f56bfc062723c751e8b465ee728b)  -> (artifact id: '58502dee8b7a22d0e963da6ce1ea984e') in 0.080342 seconds
Number of updated asset objects reloaded before import = 0
Number of asset objects unloaded after import = 3
========================================================================
Received Import Request.
  Time since last request: 0.000038 seconds.
  path: Assets/beffio/UI - BUILDER/Source Files/Panels/Panels@2x-assets/Labels/LabelRadius_6px_Stroke_1px.png
  artifactKey: Guid(4542a50d4804f2a40b2d4bbef8569c81) Importer(815301076,1909f56bfc062723c751e8b465ee728b)
Start importing Assets/beffio/UI - BUILDER/Source Files/Panels/Panels@2x-assets/Labels/LabelRadius_6px_Stroke_1px.png using Guid(4542a50d4804f2a40b2d4bbef8569c81) Importer(815301076,1909f56bfc062723c751e8b465ee728b)  -> (artifact id: '2ad7631cd3d781694324ca98ed1b978b') in 0.076127 seconds
Number of updated asset objects reloaded before import = 0
Number of asset objects unloaded after import = 3
========================================================================
Received Import Request.
  Time since last request: 0.172522 seconds.
  path: Assets/beffio/UI - BUILDER/Source Files/Panels/Panels@1x-assets/Labels/LabelRadius_6px_Stroke_2px.png
  artifactKey: Guid(2a5a4032ed6f9d04fbd4c1bbb75cc671) Importer(815301076,1909f56bfc062723c751e8b465ee728b)
Start importing Assets/beffio/UI - BUILDER/Source Files/Panels/Panels@1x-assets/Labels/LabelRadius_6px_Stroke_2px.png using Guid(2a5a4032ed6f9d04fbd4c1bbb75cc671) Importer(815301076,1909f56bfc062723c751e8b465ee728b)  -> (artifact id: '86c57accbe9cf544ccbce9a60fba01d8') in 0.097799 seconds
Number of updated asset objects reloaded before import = 0
Number of asset objects unloaded after import = 3
========================================================================
Received Import Request.
  Time since last request: 0.000051 seconds.
  path: Assets/beffio/UI - BUILDER/Source Files/Panels/Panels@1x-assets/Labels/LabelRadius_6px_Stroke_4px.png
  artifactKey: Guid(882a2fb5ad446cd4eab4d73cf6c03550) Importer(815301076,1909f56bfc062723c751e8b465ee728b)
Start importing Assets/beffio/UI - BUILDER/Source Files/Panels/Panels@1x-assets/Labels/LabelRadius_6px_Stroke_4px.png using Guid(882a2fb5ad446cd4eab4d73cf6c03550) Importer(815301076,1909f56bfc062723c751e8b465ee728b)  -> (artifact id: '6259110675c226966a1433516b253a69') in 0.105272 seconds
Number of updated asset objects reloaded before import = 0
Number of asset objects unloaded after import = 3
========================================================================
Received Import Request.
  Time since last request: 0.000071 seconds.
  path: Assets/beffio/UI - BUILDER/Source Files/Panels/Panels@2x-assets/Labels/LabelRadius_6px_Stroke_6px.png
  artifactKey: Guid(4011c2a87b5378a45a054842ecf4b6d6) Importer(815301076,1909f56bfc062723c751e8b465ee728b)
Start importing Assets/beffio/UI - BUILDER/Source Files/Panels/Panels@2x-assets/Labels/LabelRadius_6px_Stroke_6px.png using Guid(4011c2a87b5378a45a054842ecf4b6d6) Importer(815301076,1909f56bfc062723c751e8b465ee728b)  -> (artifact id: '7382b09177d7e93fea27d1f577c35677') in 0.058159 seconds
Number of updated asset objects reloaded before import = 0
Number of asset objects unloaded after import = 3
========================================================================
Received Import Request.
  Time since last request: 0.000030 seconds.
  path: Assets/beffio/UI - BUILDER/Source Files/Panels/Panels@1x-assets/Labels/LabelRadius_6px_Stroke_10px.png
  artifactKey: Guid(34c53091ff534494087e941dd8d2e029) Importer(815301076,1909f56bfc062723c751e8b465ee728b)
Start importing Assets/beffio/UI - BUILDER/Source Files/Panels/Panels@1x-assets/Labels/LabelRadius_6px_Stroke_10px.png using Guid(34c53091ff534494087e941dd8d2e029) Importer(815301076,1909f56bfc062723c751e8b465ee728b)  -> (artifact id: '919da185bcf216cb0e82ed99228c2c4c') in 0.062562 seconds
Number of updated asset objects reloaded before import = 0
Number of asset objects unloaded after import = 3
========================================================================
Received Import Request.
  Time since last request: 0.000033 seconds.
  path: Assets/beffio/UI - BUILDER/Source Files/Panels/Panels@2x-assets/Labels/LabelRadius_6px_Stroke_10px.png
  artifactKey: Guid(e1b855d1695d021439b9fd2982804797) Importer(815301076,1909f56bfc062723c751e8b465ee728b)
Start importing Assets/beffio/UI - BUILDER/Source Files/Panels/Panels@2x-assets/Labels/LabelRadius_6px_Stroke_10px.png using Guid(e1b855d1695d021439b9fd2982804797) Importer(815301076,1909f56bfc062723c751e8b465ee728b)  -> (artifact id: '567c74e5ce469c9a347db5166d3dce3d') in 0.059545 seconds
Number of updated asset objects reloaded before import = 0
Number of asset objects unloaded after import = 3
========================================================================
Received Import Request.
  Time since last request: 0.041021 seconds.
  path: Assets/beffio/UI - BUILDER/Source Files/Panels/Panels@2x-assets/Labels/LabelRadius_6px_Stroke_16px.png
  artifactKey: Guid(17cc99db887524349a66d4197633e14b) Importer(815301076,1909f56bfc062723c751e8b465ee728b)
Start importing Assets/beffio/UI - BUILDER/Source Files/Panels/Panels@2x-assets/Labels/LabelRadius_6px_Stroke_16px.png using Guid(17cc99db887524349a66d4197633e14b) Importer(815301076,1909f56bfc062723c751e8b465ee728b)  -> (artifact id: '29b48b2206776383e0e5f548ed9b668a') in 0.054596 seconds
Number of updated asset objects reloaded before import = 0
Number of asset objects unloaded after import = 3
========================================================================
Received Import Request.
  Time since last request: 0.000036 seconds.
  path: Assets/beffio/UI - BUILDER/Source Files/Panels/Panels@1x-assets/Labels/LabelRadius_6px_Stroke_20px.png
  artifactKey: Guid(72ac7205651d546419da00b9785715f8) Importer(815301076,1909f56bfc062723c751e8b465ee728b)
Start importing Assets/beffio/UI - BUILDER/Source Files/Panels/Panels@1x-assets/Labels/LabelRadius_6px_Stroke_20px.png using Guid(72ac7205651d546419da00b9785715f8) Importer(815301076,1909f56bfc062723c751e8b465ee728b)  -> (artifact id: 'be04b3cb9615f3c8e504fa39f13c6de9') in 0.061240 seconds
Number of updated asset objects reloaded before import = 0
Number of asset objects unloaded after import = 3
========================================================================
Received Import Request.
  Time since last request: 0.000030 seconds.
  path: Assets/beffio/UI - BUILDER/Source Files/Panels/Panels@1x-assets/Labels/LabelRadius_12px_Fill.png
  artifactKey: Guid(8c3f406e8ce27ad4b8289effa4e1299f) Importer(815301076,1909f56bfc062723c751e8b465ee728b)
Start importing Assets/beffio/UI - BUILDER/Source Files/Panels/Panels@1x-assets/Labels/LabelRadius_12px_Fill.png using Guid(8c3f406e8ce27ad4b8289effa4e1299f) Importer(815301076,1909f56bfc062723c751e8b465ee728b)  -> (artifact id: '956456cadf728a9d2de8afe7863d18cf') in 0.077460 seconds
Number of updated asset objects reloaded before import = 0
Number of asset objects unloaded after import = 3
========================================================================
Received Import Request.
  Time since last request: 0.000032 seconds.
  path: Assets/beffio/UI - BUILDER/Source Files/Panels/Panels@2x-assets/Labels/LabelRadius_12px_Stroke_4px.png
  artifactKey: Guid(ef8b2214e717f58419180b63d07197de) Importer(815301076,1909f56bfc062723c751e8b465ee728b)
Start importing Assets/beffio/UI - BUILDER/Source Files/Panels/Panels@2x-assets/Labels/LabelRadius_12px_Stroke_4px.png using Guid(ef8b2214e717f58419180b63d07197de) Importer(815301076,1909f56bfc062723c751e8b465ee728b)  -> (artifact id: 'abca977228e90f12df49f09f813754e1') in 0.102947 seconds
Number of updated asset objects reloaded before import = 0
Number of asset objects unloaded after import = 3
========================================================================
Received Import Request.
  Time since last request: 0.000966 seconds.
  path: Assets/beffio/UI - BUILDER/Source Files/Panels/Panels@1x-assets/Labels/LabelRadius_12px_Stroke_2px.png
  artifactKey: Guid(6f2ae161f9142ca40a8c86657a6cf667) Importer(815301076,1909f56bfc062723c751e8b465ee728b)
Start importing Assets/beffio/UI - BUILDER/Source Files/Panels/Panels@1x-assets/Labels/LabelRadius_12px_Stroke_2px.png using Guid(6f2ae161f9142ca40a8c86657a6cf667) Importer(815301076,1909f56bfc062723c751e8b465ee728b)  -> (artifact id: 'b1ba231c44ef9aa64d0281480076c5c4') in 0.065671 seconds
Number of updated asset objects reloaded before import = 0
Number of asset objects unloaded after import = 3
========================================================================
Received Import Request.
  Time since last request: 0.000058 seconds.
  path: Assets/beffio/UI - BUILDER/Source Files/Panels/Panels@2x-assets/Labels/LabelRadius_12px_Stroke_10px.png
  artifactKey: Guid(093d1f488ae8f9448a31b7ac895014e3) Importer(815301076,1909f56bfc062723c751e8b465ee728b)
Start importing Assets/beffio/UI - BUILDER/Source Files/Panels/Panels@2x-assets/Labels/LabelRadius_12px_Stroke_10px.png using Guid(093d1f488ae8f9448a31b7ac895014e3) Importer(815301076,1909f56bfc062723c751e8b465ee728b)  -> (artifact id: '295ca7d2aaaec174bbb7da9c5ff64dd5') in 0.071160 seconds
Number of updated asset objects reloaded before import = 0
Number of asset objects unloaded after import = 3
========================================================================
Received Import Request.
  Time since last request: 0.000024 seconds.
  path: Assets/beffio/UI - BUILDER/Source Files/Panels/Panels@1x-assets/Labels/LabelRadius_12px_Stroke_10px.png
  artifactKey: Guid(c42a9b0df9f5d5e46a280566a04bb60b) Importer(815301076,1909f56bfc062723c751e8b465ee728b)
Start importing Assets/beffio/UI - BUILDER/Source Files/Panels/Panels@1x-assets/Labels/LabelRadius_12px_Stroke_10px.png using Guid(c42a9b0df9f5d5e46a280566a04bb60b) Importer(815301076,1909f56bfc062723c751e8b465ee728b)  -> (artifact id: 'd993578777b492263a460f5bb0c048c9') in 0.062364 seconds
Number of updated asset objects reloaded before import = 0
Number of asset objects unloaded after import = 3
========================================================================
Received Import Request.
  Time since last request: 0.000257 seconds.
  path: Assets/beffio/UI - BUILDER/Source Files/Panels/Panels@2x-assets/Labels/LabelRadius_12px_Stroke_16px.png
  artifactKey: Guid(39e670d5dfce31849be372a97683e676) Importer(815301076,1909f56bfc062723c751e8b465ee728b)
Start importing Assets/beffio/UI - BUILDER/Source Files/Panels/Panels@2x-assets/Labels/LabelRadius_12px_Stroke_16px.png using Guid(39e670d5dfce31849be372a97683e676) Importer(815301076,1909f56bfc062723c751e8b465ee728b)  -> (artifact id: '005f4955413c8173936595d241b86a6e') in 0.079603 seconds
Number of updated asset objects reloaded before import = 0
Number of asset objects unloaded after import = 3
========================================================================
Received Import Request.
  Time since last request: 0.000031 seconds.
  path: Assets/beffio/UI - BUILDER/Source Files/Panels/Panels@1x-assets/Labels/LabelRadius_12px_Stroke_16px.png
  artifactKey: Guid(1e19ab17b487238448c35ff46b6e87c6) Importer(815301076,1909f56bfc062723c751e8b465ee728b)
Start importing Assets/beffio/UI - BUILDER/Source Files/Panels/Panels@1x-assets/Labels/LabelRadius_12px_Stroke_16px.png using Guid(1e19ab17b487238448c35ff46b6e87c6) Importer(815301076,1909f56bfc062723c751e8b465ee728b)  -> (artifact id: '047a2123b5eb4b7cd947d6c913baca9b') in 0.110656 seconds
Number of updated asset objects reloaded before import = 0
Number of asset objects unloaded after import = 3
========================================================================
Received Import Request.
  Time since last request: 0.000034 seconds.
  path: Assets/beffio/UI - BUILDER/Source Files/Panels/Panels@1x-assets/Labels/LabelRadius_24px_Fill.png
  artifactKey: Guid(c4dcd37d45288d54783f94fe3a90291d) Importer(815301076,1909f56bfc062723c751e8b465ee728b)
Start importing Assets/beffio/UI - BUILDER/Source Files/Panels/Panels@1x-assets/Labels/LabelRadius_24px_Fill.png using Guid(c4dcd37d45288d54783f94fe3a90291d) Importer(815301076,1909f56bfc062723c751e8b465ee728b)  -> (artifact id: '79a369c975b97ae2ad233f4edffa207e') in 0.062802 seconds
Number of updated asset objects reloaded before import = 0
Number of asset objects unloaded after import = 3
========================================================================
Received Import Request.
  Time since last request: 0.000036 seconds.
  path: Assets/beffio/UI - BUILDER/Source Files/Panels/Panels@1x-assets/Labels/LabelRadius_24px_Stroke_2px.png
  artifactKey: Guid(2a0510a8ced65d84883b5f05ac00b082) Importer(815301076,1909f56bfc062723c751e8b465ee728b)
Start importing Assets/beffio/UI - BUILDER/Source Files/Panels/Panels@1x-assets/Labels/LabelRadius_24px_Stroke_2px.png using Guid(2a0510a8ced65d84883b5f05ac00b082) Importer(815301076,1909f56bfc062723c751e8b465ee728b)  -> (artifact id: '1017ec05ebb055a637d965796fae808e') in 0.057116 seconds
Number of updated asset objects reloaded before import = 0
Number of asset objects unloaded after import = 3
========================================================================
Received Import Request.
  Time since last request: 0.000049 seconds.
  path: Assets/beffio/UI - BUILDER/Source Files/Panels/Panels@2x-assets/Labels/LabelRadius_24px_Stroke_4px.png
  artifactKey: Guid(547b21bfd0e911a4285bc2b65d0506ec) Importer(815301076,1909f56bfc062723c751e8b465ee728b)
Start importing Assets/beffio/UI - BUILDER/Source Files/Panels/Panels@2x-assets/Labels/LabelRadius_24px_Stroke_4px.png using Guid(547b21bfd0e911a4285bc2b65d0506ec) Importer(815301076,1909f56bfc062723c751e8b465ee728b)  -> (artifact id: 'cc7a16bd3f84a48a4f4ae32132e69a2d') in 0.053933 seconds
Number of updated asset objects reloaded before import = 0
Number of asset objects unloaded after import = 3
========================================================================
Received Import Request.
  Time since last request: 0.000035 seconds.
  path: Assets/beffio/UI - BUILDER/Source Files/Panels/Panels@2x-assets/Labels/LabelRadius_24px_Stroke_6px.png
  artifactKey: Guid(349c9d21270041247ba781c38d0f05e0) Importer(815301076,1909f56bfc062723c751e8b465ee728b)
Start importing Assets/beffio/UI - BUILDER/Source Files/Panels/Panels@2x-assets/Labels/LabelRadius_24px_Stroke_6px.png using Guid(349c9d21270041247ba781c38d0f05e0) Importer(815301076,1909f56bfc062723c751e8b465ee728b)  -> (artifact id: 'dbb0d236b5cea217249afdc0c44355aa') in 0.057095 seconds
Number of updated asset objects reloaded before import = 0
Number of asset objects unloaded after import = 3
========================================================================
Received Import Request.
  Time since last request: 0.000031 seconds.
  path: Assets/beffio/UI - BUILDER/Source Files/Panels/Panels@2x-assets/Labels/LabelRadius_24px_Fill.png
  artifactKey: Guid(333a7a23980e82943822c1e6e2e4ed1a) Importer(815301076,1909f56bfc062723c751e8b465ee728b)
Start importing Assets/beffio/UI - BUILDER/Source Files/Panels/Panels@2x-assets/Labels/LabelRadius_24px_Fill.png using Guid(333a7a23980e82943822c1e6e2e4ed1a) Importer(815301076,1909f56bfc062723c751e8b465ee728b)  -> (artifact id: '7116f8d719b1f57f6b738acd13f8c18e') in 0.060450 seconds
Number of updated asset objects reloaded before import = 0
Number of asset objects unloaded after import = 3
========================================================================
Received Import Request.
  Time since last request: 0.000031 seconds.
  path: Assets/beffio/UI - BUILDER/Source Files/Panels/Panels@1x-assets/Labels/LabelRadius_12px_Stroke_20px.png
  artifactKey: Guid(414dc7dc68d62e047ae1146e67816d4b) Importer(815301076,1909f56bfc062723c751e8b465ee728b)
Start importing Assets/beffio/UI - BUILDER/Source Files/Panels/Panels@1x-assets/Labels/LabelRadius_12px_Stroke_20px.png using Guid(414dc7dc68d62e047ae1146e67816d4b) Importer(815301076,1909f56bfc062723c751e8b465ee728b)  -> (artifact id: 'aa623a5a59bb807634ed57a971bd8559') in 0.069215 seconds
Number of updated asset objects reloaded before import = 0
Number of asset objects unloaded after import = 3
========================================================================
Received Import Request.
  Time since last request: 0.000036 seconds.
  path: Assets/beffio/UI - BUILDER/Source Files/Panels/Panels@1x-assets/Labels/LabelRadius_12px_Stroke_1px.png
  artifactKey: Guid(51377400058f1104793f78bbf3f25515) Importer(815301076,1909f56bfc062723c751e8b465ee728b)
Start importing Assets/beffio/UI - BUILDER/Source Files/Panels/Panels@1x-assets/Labels/LabelRadius_12px_Stroke_1px.png using Guid(51377400058f1104793f78bbf3f25515) Importer(815301076,1909f56bfc062723c751e8b465ee728b)  -> (artifact id: '5d41646178249624149bdf3e4721adfd') in 0.057479 seconds
Number of updated asset objects reloaded before import = 0
Number of asset objects unloaded after import = 3
========================================================================
Received Import Request.
  Time since last request: 0.000048 seconds.
  path: Assets/beffio/UI - BUILDER/Source Files/Panels/Panels@1x-assets/Labels/LabelRadius_24px_Stroke_12px.png
  artifactKey: Guid(76d2704242b02fe4bb0c5dcb1107d55b) Importer(815301076,1909f56bfc062723c751e8b465ee728b)
Start importing Assets/beffio/UI - BUILDER/Source Files/Panels/Panels@1x-assets/Labels/LabelRadius_24px_Stroke_12px.png using Guid(76d2704242b02fe4bb0c5dcb1107d55b) Importer(815301076,1909f56bfc062723c751e8b465ee728b)  -> (artifact id: '33145601d0a5ae40042a2f8e72229e96') in 0.066104 seconds
Number of updated asset objects reloaded before import = 0
Number of asset objects unloaded after import = 3
========================================================================
Received Import Request.
  Time since last request: 0.000817 seconds.
  path: Assets/beffio/UI - BUILDER/Source Files/Panels/Panels@2x-assets/Labels/LabelRadius_24px_Stroke_12px.png
  artifactKey: Guid(3e9a2734bce9aa64a81028e87070bfcc) Importer(815301076,1909f56bfc062723c751e8b465ee728b)
Start importing Assets/beffio/UI - BUILDER/Source Files/Panels/Panels@2x-assets/Labels/LabelRadius_24px_Stroke_12px.png using Guid(3e9a2734bce9aa64a81028e87070bfcc) Importer(815301076,1909f56bfc062723c751e8b465ee728b)  -> (artifact id: '1915fcf36e667910c66d2f1a9a99f639') in 0.060018 seconds
Number of updated asset objects reloaded before import = 0
Number of asset objects unloaded after import = 3
========================================================================
Received Import Request.
  Time since last request: 0.000679 seconds.
  path: Assets/beffio/UI - BUILDER/Source Files/Panels/Panels@2x-assets/Labels/LabelRadius_24px_Stroke_10px.png
  artifactKey: Guid(e41228b448f078a4797dea030b66cd17) Importer(815301076,1909f56bfc062723c751e8b465ee728b)
Start importing Assets/beffio/UI - BUILDER/Source Files/Panels/Panels@2x-assets/Labels/LabelRadius_24px_Stroke_10px.png using Guid(e41228b448f078a4797dea030b66cd17) Importer(815301076,1909f56bfc062723c751e8b465ee728b)  -> (artifact id: 'bcb13c6b181f70d241d380e50f693d8d') in 0.062067 seconds
Number of updated asset objects reloaded before import = 0
Number of asset objects unloaded after import = 3
========================================================================
Received Import Request.
  Time since last request: 0.000276 seconds.
  path: Assets/beffio/UI - BUILDER/Source Files/Panels/Panels@2x-assets/Labels/LabelRadius_12px_Stroke_12px.png
  artifactKey: Guid(39b0c2f6521f66b4f8be29354cdb4140) Importer(815301076,1909f56bfc062723c751e8b465ee728b)
Start importing Assets/beffio/UI - BUILDER/Source Files/Panels/Panels@2x-assets/Labels/LabelRadius_12px_Stroke_12px.png using Guid(39b0c2f6521f66b4f8be29354cdb4140) Importer(815301076,1909f56bfc062723c751e8b465ee728b)  -> (artifact id: '8522edc532ab11fbd9293d17dc45601e') in 0.062598 seconds
Number of updated asset objects reloaded before import = 0
Number of asset objects unloaded after import = 3
========================================================================
Received Import Request.
  Time since last request: 0.000031 seconds.
  path: Assets/beffio/UI - BUILDER/Source Files/Panels/Panels@1x-assets/Labels/LabelRadius_34px_Fill.png
  artifactKey: Guid(e836e475d0a3c4d4a80b9925c9673d85) Importer(815301076,1909f56bfc062723c751e8b465ee728b)
Start importing Assets/beffio/UI - BUILDER/Source Files/Panels/Panels@1x-assets/Labels/LabelRadius_34px_Fill.png using Guid(e836e475d0a3c4d4a80b9925c9673d85) Importer(815301076,1909f56bfc062723c751e8b465ee728b)  -> (artifact id: 'f0b5528ac5aef643f9f49558fe6406a1') in 0.118992 seconds
Number of updated asset objects reloaded before import = 0
Number of asset objects unloaded after import = 3
========================================================================
Received Import Request.
  Time since last request: 0.000048 seconds.
  path: Assets/beffio/UI - BUILDER/Source Files/Panels/Panels@2x-assets/Labels/LabelRadius_34px_Stroke_2px.png
  artifactKey: Guid(eab3edcae37a3014180263b66a2b80db) Importer(815301076,1909f56bfc062723c751e8b465ee728b)
Start importing Assets/beffio/UI - BUILDER/Source Files/Panels/Panels@2x-assets/Labels/LabelRadius_34px_Stroke_2px.png using Guid(eab3edcae37a3014180263b66a2b80db) Importer(815301076,1909f56bfc062723c751e8b465ee728b)  -> (artifact id: 'af19c11fcb154220272823157d843a22') in 0.070325 seconds
Number of updated asset objects reloaded before import = 0
Number of asset objects unloaded after import = 3
========================================================================
Received Import Request.
  Time since last request: 0.000029 seconds.
  path: Assets/beffio/UI - BUILDER/Source Files/Panels/Panels@2x-assets/Labels/LabelRadius_34px_Stroke_4px.png
  artifactKey: Guid(1439fe478d209d14aa0a523ab39fa75a) Importer(815301076,1909f56bfc062723c751e8b465ee728b)
Start importing Assets/beffio/UI - BUILDER/Source Files/Panels/Panels@2x-assets/Labels/LabelRadius_34px_Stroke_4px.png using Guid(1439fe478d209d14aa0a523ab39fa75a) Importer(815301076,1909f56bfc062723c751e8b465ee728b)  -> (artifact id: 'cc59482e76aef957016633c5e8d454f7') in 0.073666 seconds
Number of updated asset objects reloaded before import = 0
Number of asset objects unloaded after import = 3
========================================================================
Received Import Request.
  Time since last request: 0.000030 seconds.
  path: Assets/beffio/UI - BUILDER/Source Files/Panels/Panels@2x-assets/Labels/LabelRadius_34px_Stroke_1px.png
  artifactKey: Guid(a35afa09494c9524bb82648892527779) Importer(815301076,1909f56bfc062723c751e8b465ee728b)
Start importing Assets/beffio/UI - BUILDER/Source Files/Panels/Panels@2x-assets/Labels/LabelRadius_34px_Stroke_1px.png using Guid(a35afa09494c9524bb82648892527779) Importer(815301076,1909f56bfc062723c751e8b465ee728b)  -> (artifact id: 'eb139de7f55568aac82077086be65144') in 0.057519 seconds
Number of updated asset objects reloaded before import = 0
Number of asset objects unloaded after import = 3
========================================================================
Received Import Request.
  Time since last request: 0.000035 seconds.
  path: Assets/beffio/UI - BUILDER/Source Files/Panels/Panels@2x-assets/Labels/LabelRadius_34px_Stroke_6px.png
  artifactKey: Guid(96416e88142cead42ad506a9f9c308aa) Importer(815301076,1909f56bfc062723c751e8b465ee728b)
Start importing Assets/beffio/UI - BUILDER/Source Files/Panels/Panels@2x-assets/Labels/LabelRadius_34px_Stroke_6px.png using Guid(96416e88142cead42ad506a9f9c308aa) Importer(815301076,1909f56bfc062723c751e8b465ee728b)  -> (artifact id: 'd6ffab00af6ff704575656f85f24e5d1') in 0.056685 seconds
Number of updated asset objects reloaded before import = 0
Number of asset objects unloaded after import = 3
========================================================================
Received Import Request.
  Time since last request: 0.001265 seconds.
  path: Assets/beffio/UI - BUILDER/Source Files/Panels/Panels@2x-assets/Labels/LabelRadius_34px_Stroke_10px.png
  artifactKey: Guid(096d6d391ef49c2498e920bdcfc7d83f) Importer(815301076,1909f56bfc062723c751e8b465ee728b)
Start importing Assets/beffio/UI - BUILDER/Source Files/Panels/Panels@2x-assets/Labels/LabelRadius_34px_Stroke_10px.png using Guid(096d6d391ef49c2498e920bdcfc7d83f) Importer(815301076,1909f56bfc062723c751e8b465ee728b)  -> (artifact id: 'e276d3338ebc31a7a42e496e17ed4cfb') in 0.069592 seconds
Number of updated asset objects reloaded before import = 0
Number of asset objects unloaded after import = 3
========================================================================
Received Import Request.
  Time since last request: 0.004367 seconds.
  path: Assets/beffio/UI - BUILDER/Source Files/Panels/Panels@1x-assets/Labels/LabelRadius_34px_Stroke_6px.png
  artifactKey: Guid(163aedc02061f0448b3450bbfe540fa9) Importer(815301076,1909f56bfc062723c751e8b465ee728b)
Start importing Assets/beffio/UI - BUILDER/Source Files/Panels/Panels@1x-assets/Labels/LabelRadius_34px_Stroke_6px.png using Guid(163aedc02061f0448b3450bbfe540fa9) Importer(815301076,1909f56bfc062723c751e8b465ee728b)  -> (artifact id: '51cdb1e76b7d6bd681e28557ea6614b1') in 0.066917 seconds
Number of updated asset objects reloaded before import = 0
Number of asset objects unloaded after import = 3
========================================================================
Received Import Request.
  Time since last request: 0.006270 seconds.
  path: Assets/beffio/UI - BUILDER/Source Files/Panels/Panels@1x-assets/Labels/LabelRadius_34px_Stroke_16px.png
  artifactKey: Guid(1f855fa21800d914799007108eb28714) Importer(815301076,1909f56bfc062723c751e8b465ee728b)
Start importing Assets/beffio/UI - BUILDER/Source Files/Panels/Panels@1x-assets/Labels/LabelRadius_34px_Stroke_16px.png using Guid(1f855fa21800d914799007108eb28714) Importer(815301076,1909f56bfc062723c751e8b465ee728b)  -> (artifact id: 'a804895520cd3edaddaf434b395362b8') in 0.063238 seconds
Number of updated asset objects reloaded before import = 0
Number of asset objects unloaded after import = 3
========================================================================
Received Import Request.
  Time since last request: 0.006457 seconds.
  path: Assets/beffio/UI - BUILDER/Source Files/Panels/Panels@1x-assets/Labels/LabelRadius_34px_Stroke_20px.png
  artifactKey: Guid(f7976a234321848469b6c74c44a0dcd8) Importer(815301076,1909f56bfc062723c751e8b465ee728b)
Start importing Assets/beffio/UI - BUILDER/Source Files/Panels/Panels@1x-assets/Labels/LabelRadius_34px_Stroke_20px.png using Guid(f7976a234321848469b6c74c44a0dcd8) Importer(815301076,1909f56bfc062723c751e8b465ee728b)  -> (artifact id: '3ca5e990eadce0bf1ac35b2e5c658dc4') in 0.059728 seconds
Number of updated asset objects reloaded before import = 0
Number of asset objects unloaded after import = 3
========================================================================
Received Import Request.
  Time since last request: 0.012899 seconds.
  path: Assets/beffio/UI - BUILDER/Source Files/Icons/Icons@2x-assets/Location/LocationIcons_1.png
  artifactKey: Guid(eadb09160d5715f4faa1d5fcadfb45f6) Importer(815301076,1909f56bfc062723c751e8b465ee728b)
Start importing Assets/beffio/UI - BUILDER/Source Files/Icons/Icons@2x-assets/Location/LocationIcons_1.png using Guid(eadb09160d5715f4faa1d5fcadfb45f6) Importer(815301076,1909f56bfc062723c751e8b465ee728b)  -> (artifact id: '12920f1f47f673ea4b3938dbeb2eef9e') in 0.072187 seconds
Number of updated asset objects reloaded before import = 0
Number of asset objects unloaded after import = 3
========================================================================
Received Import Request.
  Time since last request: 0.194878 seconds.
  path: Assets/beffio/UI - BUILDER/Source Files/Icons/Icons@4x-assets/Location/LocationIcons_1.png
  artifactKey: Guid(61110896e983e6b44a7cfe24ba6c0725) Importer(815301076,1909f56bfc062723c751e8b465ee728b)
Start importing Assets/beffio/UI - BUILDER/Source Files/Icons/Icons@4x-assets/Location/LocationIcons_1.png using Guid(61110896e983e6b44a7cfe24ba6c0725) Importer(815301076,1909f56bfc062723c751e8b465ee728b)  -> (artifact id: '562116ae35535c71ab1524f9bafeeb0e') in 0.092111 seconds
Number of updated asset objects reloaded before import = 0
Number of asset objects unloaded after import = 3
========================================================================
Received Import Request.
  Time since last request: 0.000064 seconds.
  path: Assets/beffio/UI - BUILDER/Source Files/Icons/Icons@4x-assets/Location/LocationIcons_2.png
  artifactKey: Guid(f98f5cc4a72f8314c96408bc9998d42a) Importer(815301076,1909f56bfc062723c751e8b465ee728b)
Start importing Assets/beffio/UI - BUILDER/Source Files/Icons/Icons@4x-assets/Location/LocationIcons_2.png using Guid(f98f5cc4a72f8314c96408bc9998d42a) Importer(815301076,1909f56bfc062723c751e8b465ee728b)  -> (artifact id: '48c222ceb318842259a31cc8e530a66c') in 0.098330 seconds
Number of updated asset objects reloaded before import = 0
Number of asset objects unloaded after import = 3
========================================================================
Received Import Request.
  Time since last request: 0.000068 seconds.
  path: Assets/beffio/UI - BUILDER/Source Files/Icons/Icons@1x-assets/Location/LocationIcons_3.png
  artifactKey: Guid(d54fef41327824678b1ca6026af38f84) Importer(815301076,1909f56bfc062723c751e8b465ee728b)
Start importing Assets/beffio/UI - BUILDER/Source Files/Icons/Icons@1x-assets/Location/LocationIcons_3.png using Guid(d54fef41327824678b1ca6026af38f84) Importer(815301076,1909f56bfc062723c751e8b465ee728b)  -> (artifact id: 'a08a08f7937661f1cc468e8dbc0b7422') in 0.063851 seconds
Number of updated asset objects reloaded before import = 0
Number of asset objects unloaded after import = 3
========================================================================
Received Import Request.
  Time since last request: 0.000030 seconds.
  path: Assets/beffio/UI - BUILDER/Source Files/Icons/Icons@1x-assets/Location/LocationIcons_4.png
  artifactKey: Guid(8d521ac1e59be490595b0836207f98ce) Importer(815301076,1909f56bfc062723c751e8b465ee728b)
Start importing Assets/beffio/UI - BUILDER/Source Files/Icons/Icons@1x-assets/Location/LocationIcons_4.png using Guid(8d521ac1e59be490595b0836207f98ce) Importer(815301076,1909f56bfc062723c751e8b465ee728b)  -> (artifact id: 'efb9f1bbdd0514a7decd775238a03bf4') in 0.058895 seconds
Number of updated asset objects reloaded before import = 0
Number of asset objects unloaded after import = 3
========================================================================
Received Import Request.
  Time since last request: 0.000032 seconds.
  path: Assets/beffio/UI - BUILDER/Source Files/Icons/Icons@4x-assets/Location/LocationIcons_4.png
  artifactKey: Guid(4295497c6e0cce046bb040418eb9ef4f) Importer(815301076,1909f56bfc062723c751e8b465ee728b)
Start importing Assets/beffio/UI - BUILDER/Source Files/Icons/Icons@4x-assets/Location/LocationIcons_4.png using Guid(4295497c6e0cce046bb040418eb9ef4f) Importer(815301076,1909f56bfc062723c751e8b465ee728b)  -> (artifact id: '988f080b1c4495fa9a38f6462da5ac60') in 0.065143 seconds
Number of updated asset objects reloaded before import = 0
Number of asset objects unloaded after import = 3
========================================================================
Received Prepare
Begin MonoManager ReloadAssembly
- Loaded All Assemblies, in  1.343 seconds
Refreshing native plugins compatible for Editor in 11.11 ms, found 3 plugins.
Native extension for WindowsStandalone target not found
Native extension for Android target not found
[Package Manager] Server::EnsureServerProcessIsRunning -- launch failed, reason: Unity was launched with the -noUpm command-line argument
[Package Manager] UpmClient::Send -- Unable to send message (not connected to UPM process).
[Package Manager] Cannot connect to Unity Package Manager local server
Mono: successfully reloaded assembly
- Finished resetting the current domain, in  3.110 seconds
Domain Reload Profiling: 4443ms
	BeginReloadAssembly (402ms)
		ExecutionOrderSort (0ms)
		DisableScriptedObjects (17ms)
		BackupInstance (0ms)
		ReleaseScriptingObjects (0ms)
		CreateAndSetChildDomain (78ms)
	RebuildCommonClasses (96ms)
	RebuildNativeTypeToScriptingClass (35ms)
	initialDomainReloadingComplete (80ms)
	LoadAllAssembliesAndSetupDomain (718ms)
		LoadAssemblies (926ms)
		RebuildTransferFunctionScriptingTraits (0ms)
		AnalyzeDomain (39ms)
			TypeCache.Refresh (16ms)
				TypeCache.ScanAssembly (0ms)
			ScanForSourceGeneratedMonoScriptInfo (1ms)
			ResolveRequiredComponents (20ms)
	FinalizeReload (3112ms)
		ReleaseScriptCaches (0ms)
		RebuildScriptCaches (0ms)
		SetupLoadedEditorAssemblies (1326ms)
			LogAssemblyErrors (0ms)
			InitializePlatformSupportModulesInManaged (99ms)
			SetLoadedEditorAssemblies (12ms)
			RefreshPlugins (0ms)
			BeforeProcessingInitializeOnLoad (201ms)
			ProcessInitializeOnLoadAttributes (884ms)
			ProcessInitializeOnLoadMethodAttributes (98ms)
			AfterProcessingInitializeOnLoad (32ms)
			EditorAssembliesLoaded (0ms)
		ExecutionOrderSort2 (0ms)
		AwakeInstancesAfterBackupRestoration (26ms)
Refreshing native plugins compatible for Editor in 13.28 ms, found 3 plugins.
Preloading 0 native plugins for Editor in 0.00 ms.
Unloading 3394 Unused Serialized files (Serialized files now loaded: 0)
Unloading 39 unused Assets / (1.3 MB). Loaded Objects now: 3976.
Memory consumption went from 142.4 MB to 141.1 MB.
Total: 10.366500 ms (FindLiveObjects: 0.559200 ms CreateObjectMapping: 0.472100 ms MarkObjects: 8.770000 ms  DeleteObjects: 0.562600 ms)

Prepare: number of updated asset objects reloaded= 0
AssetImportParameters requested are different than current active one (requested -> active):
  custom:container-demuxer-ogg: 62fdf1f143b41e24485cea50d1cbac27 -> 
  custom:video-decoder-ogg-theora: a1e56fd34408186e4bbccfd4996cb3dc -> 
  custom:framework-win-MediaFoundation: 216162199b28c13a410421893ffa2e32 -> 
  custom:CustomObjectIndexerAttribute: 756ad292c208cfabdd7b50bc23989ffe -> 
  custom:container-demuxer-webm: 4f35f7cbe854078d1ac9338744f61a02 -> 
  custom:container-muxer-webm: aa71ff27fc2769a1b78a27578f13a17b -> 
  custom:video-decoder-webm-vp8: 9c59270c3fd7afecdb556c50c9e8de78 -> 
  custom:SearchIndexIgnoredProperties: e643bd26f0fe6173181afceb89e7c659 -> 
  custom:AudioImporter_EditorPlatform: d09bf68614088b80899f8185d706f6e7 -> 
  custom:video-encoder-webm-vp8: eb34c28f22e8b96e1ab97ce403110664 -> 
  custom:audio-decoder-ogg-vorbis: bf7c407c2cedff20999df2af8eb42d56 -> 
  custom:audio-encoder-webm-vorbis: bf7c407c2cedff20999df2af8eb42d56 -> 
========================================================================
Received Import Request.
  Time since last request: 564.439866 seconds.
  path: Assets/_GP/Scenes
  artifactKey: Guid(6ea315d0fd7389c41b19996891e99ae3) Importer(815301076,1909f56bfc062723c751e8b465ee728b)
Start importing Assets/_GP/Scenes using Guid(6ea315d0fd7389c41b19996891e99ae3) Importer(815301076,1909f56bfc062723c751e8b465ee728b)  -> (artifact id: '81c328eaa686ea6ec9a8a9505cc07a90') in 0.005870 seconds
Number of updated asset objects reloaded before import = 0
Number of asset objects unloaded after import = 0
========================================================================
Received Import Request.
  Time since last request: 17.578487 seconds.
  path: Assets/_GP/Scenes/Main Menu.unity
  artifactKey: Guid(06d962d981a8d83448d2c74889e3b21b) Importer(815301076,1909f56bfc062723c751e8b465ee728b)
Start importing Assets/_GP/Scenes/Main Menu.unity using Guid(06d962d981a8d83448d2c74889e3b21b) Importer(815301076,1909f56bfc062723c751e8b465ee728b)  -> (artifact id: '12ad86d0a7041a8252cab28672819fa3') in 0.001294 seconds
Number of updated asset objects reloaded before import = 0
Number of asset objects unloaded after import = 0
========================================================================
Received Import Request.
  Time since last request: 36.366484 seconds.
  path: Assets/_GP/Scenes/Welcome to The Greenprint.png
  artifactKey: Guid(0b0b834cf33d5d443be1633c5386523e) Importer(815301076,1909f56bfc062723c751e8b465ee728b)
Start importing Assets/_GP/Scenes/Welcome to The Greenprint.png using Guid(0b0b834cf33d5d443be1633c5386523e) Importer(815301076,1909f56bfc062723c751e8b465ee728b)  -> (artifact id: '50c86527069f397f3a1cd50f111a2119') in 0.148463 seconds
Number of updated asset objects reloaded before import = 0
Number of asset objects unloaded after import = 2
========================================================================
Received Import Request.
  Time since last request: 1350.208578 seconds.
  path: Assets/_GP/Scenes/Welcome to The Greenprint (1).png
  artifactKey: Guid(949b75d25e893124f88ca3a5e181a3be) Importer(815301076,1909f56bfc062723c751e8b465ee728b)
Start importing Assets/_GP/Scenes/Welcome to The Greenprint (1).png using Guid(949b75d25e893124f88ca3a5e181a3be) Importer(815301076,1909f56bfc062723c751e8b465ee728b)  -> (artifact id: '285a5d1f2fcfcc5100f29aa97e905f36') in 0.082410 seconds
Number of updated asset objects reloaded before import = 0
Number of asset objects unloaded after import = 2
========================================================================
Received Import Request.
  Time since last request: 315.770173 seconds.
  path: Assets/_GP/Scenes/Welcome to The Greenprint (1).png
  artifactKey: Guid(949b75d25e893124f88ca3a5e181a3be) Importer(815301076,1909f56bfc062723c751e8b465ee728b)
Start importing Assets/_GP/Scenes/Welcome to The Greenprint (1).png using Guid(949b75d25e893124f88ca3a5e181a3be) Importer(815301076,1909f56bfc062723c751e8b465ee728b)  -> (artifact id: '9b10e9f343fbbece3b60213a0c0537b7') in 0.064547 seconds
Number of updated asset objects reloaded before import = 0
Number of asset objects unloaded after import = 2
========================================================================
Received Import Request.
  Time since last request: 452.361850 seconds.
  path: Assets/beffio/UI - BUILDER/Source Files/Fonts/OpenSans-Familiy/OpenSans-Bold.ttf
  artifactKey: Guid(7dfc2e1472ac84e1bb749a8a9f934483) Importer(815301076,1909f56bfc062723c751e8b465ee728b)
Start importing Assets/beffio/UI - BUILDER/Source Files/Fonts/OpenSans-Familiy/OpenSans-Bold.ttf using Guid(7dfc2e1472ac84e1bb749a8a9f934483) Importer(815301076,1909f56bfc062723c751e8b465ee728b)  -> (artifact id: '687ed1c11a217601e1ffe12b41de04dd') in 0.309605 seconds
Number of updated asset objects reloaded before import = 0
Number of asset objects unloaded after import = 4
========================================================================
Received Import Request.
  Time since last request: 0.000041 seconds.
  path: Assets/beffio/UI - BUILDER/Source Files/Fonts/OpenSans-Familiy/OpenSans-SemiboldItalic.ttf
  artifactKey: Guid(b04519e1c6f874970a3df2edd4303c31) Importer(815301076,1909f56bfc062723c751e8b465ee728b)
Start importing Assets/beffio/UI - BUILDER/Source Files/Fonts/OpenSans-Familiy/OpenSans-SemiboldItalic.ttf using Guid(b04519e1c6f874970a3df2edd4303c31) Importer(815301076,1909f56bfc062723c751e8b465ee728b)  -> (artifact id: '50fe967e6944735a702281f6520205dd') in 0.027065 seconds
Number of updated asset objects reloaded before import = 0
Number of asset objects unloaded after import = 4
========================================================================
Received Import Request.
  Time since last request: 0.000047 seconds.
  path: Assets/beffio/UI - BUILDER/Source Files/Fonts/OpenSans-Familiy/OpenSans-Italic.ttf
  artifactKey: Guid(779b05ed913d048e8a0ac3231a8294b3) Importer(815301076,1909f56bfc062723c751e8b465ee728b)
Start importing Assets/beffio/UI - BUILDER/Source Files/Fonts/OpenSans-Familiy/OpenSans-Italic.ttf using Guid(779b05ed913d048e8a0ac3231a8294b3) Importer(815301076,1909f56bfc062723c751e8b465ee728b)  -> (artifact id: 'a1d9382c7a82bc168869e4a3e977df65') in 0.039690 seconds
Number of updated asset objects reloaded before import = 0
Number of asset objects unloaded after import = 4
========================================================================
Received Import Request.
  Time since last request: 0.000068 seconds.
  path: Assets/beffio/UI - BUILDER/Source Files/Fonts/OpenSans-Familiy/OpenSans-Semibold.ttf
  artifactKey: Guid(218956a5c2a6e42d6a60afccf80b002b) Importer(815301076,1909f56bfc062723c751e8b465ee728b)
Start importing Assets/beffio/UI - BUILDER/Source Files/Fonts/OpenSans-Familiy/OpenSans-Semibold.ttf using Guid(218956a5c2a6e42d6a60afccf80b002b) Importer(815301076,1909f56bfc062723c751e8b465ee728b)  -> (artifact id: '3a1c430b6dbf9b0f7a9ab92ec057ea55') in 0.031396 seconds
Number of updated asset objects reloaded before import = 0
Number of asset objects unloaded after import = 4
========================================================================
Received Import Request.
  Time since last request: 0.002808 seconds.
  path: Assets/beffio/UI - BUILDER/Source Files/Fonts/OpenSans-Familiy
  artifactKey: Guid(ffe814a0ff4954138a9acf0b3e7bb468) Importer(815301076,1909f56bfc062723c751e8b465ee728b)
Start importing Assets/beffio/UI - BUILDER/Source Files/Fonts/OpenSans-Familiy using Guid(ffe814a0ff4954138a9acf0b3e7bb468) Importer(815301076,1909f56bfc062723c751e8b465ee728b)  -> (artifact id: '6e706dddd915faab28596b4655778554') in 0.001645 seconds
Number of updated asset objects reloaded before import = 0
Number of asset objects unloaded after import = 0
========================================================================
Received Import Request.
  Time since last request: 0.000094 seconds.
  path: Assets/beffio/UI - BUILDER/Source Files/Fonts/OpenSans-Familiy/OpenSans-ExtraBold.ttf
  artifactKey: Guid(0302b41c1bd344c75aa27df81f317832) Importer(815301076,1909f56bfc062723c751e8b465ee728b)
Start importing Assets/beffio/UI - BUILDER/Source Files/Fonts/OpenSans-Familiy/OpenSans-ExtraBold.ttf using Guid(0302b41c1bd344c75aa27df81f317832) Importer(815301076,1909f56bfc062723c751e8b465ee728b)  -> (artifact id: 'bf76f80bab63ff181539e17517cf86f8') in 0.023729 seconds
Number of updated asset objects reloaded before import = 0
Number of asset objects unloaded after import = 4
========================================================================
Received Import Request.
  Time since last request: 0.000027 seconds.
  path: Assets/beffio/UI - BUILDER/Source Files/Fonts/OpenSans-Familiy/OpenSans-LightItalic.ttf
  artifactKey: Guid(784b3e2c05c004c298f3157dab1489e7) Importer(815301076,1909f56bfc062723c751e8b465ee728b)
Start importing Assets/beffio/UI - BUILDER/Source Files/Fonts/OpenSans-Familiy/OpenSans-LightItalic.ttf using Guid(784b3e2c05c004c298f3157dab1489e7) Importer(815301076,1909f56bfc062723c751e8b465ee728b)  -> (artifact id: 'e3b5ba79fd2f3de8d9f812dcd3293a77') in 0.040566 seconds
Number of updated asset objects reloaded before import = 0
Number of asset objects unloaded after import = 4
========================================================================
Received Import Request.
  Time since last request: 0.000158 seconds.
  path: Assets/beffio/UI - BUILDER/Source Files/Fonts/OpenSans-Familiy/OpenSans-Regular.ttf
  artifactKey: Guid(bd1ea67ca2b5742d1a24fcbdc17c55e1) Importer(815301076,1909f56bfc062723c751e8b465ee728b)
Start importing Assets/beffio/UI - BUILDER/Source Files/Fonts/OpenSans-Familiy/OpenSans-Regular.ttf using Guid(bd1ea67ca2b5742d1a24fcbdc17c55e1) Importer(815301076,1909f56bfc062723c751e8b465ee728b)  -> (artifact id: '2bca7831bb75e814657edf19713b86fa') in 0.028023 seconds
Number of updated asset objects reloaded before import = 0
Number of asset objects unloaded after import = 4
Editor requested this worker to shutdown with reason: Scaling down because of idle timeout
TcpMessagingSession - receive error: operation aborted. errorcode: 995, details: The I/O operation has been aborted because of either a thread exit or an application request.
AssetImportWorker is now disconnected from the server
Process exiting
Exiting without the bug reporter. Application will terminate with return code 0