Using pre-set license
Built from '2022.3/staging' branch; Version is '2022.3.14f1 (eff2de9070d8) revision 15725278'; Using compiler version '192829333'; Build Type 'Release'
OS: 'Windows 10  (10.0.19045) 64bit Professional' Language: 'en' Physical Memory: 16275 MB
BatchMode: 1, IsHumanControllingUs: 0, StartBugReporterOnCrash: 0, Is64bit: 1, IsPro: 1

COMMAND LINE ARGUMENTS:
C:\Program Files\Unity\Hub\Editor\2022.3.14f1\Editor\Unity.exe
-adb2
-batchMode
-noUpm
-name
AssetImportWorker2
-projectPath
C:/Users/Max Musau/Desktop/Create-The-Greenprint-main (1)/Create-The-Greenprint-main/GP-Web
-logFile
Logs/AssetImportWorker2.log
-srvPort
52586
Successfully changed project path to: C:/Users/Max Musau/Desktop/Create-The-Greenprint-main (1)/Create-The-Greenprint-main/GP-Web
C:/Users/Max Musau/Desktop/Create-The-Greenprint-main (1)/Create-The-Greenprint-main/GP-Web
[UnityMemory] Configuration Parameters - Can be set up in boot.config
    "memorysetup-bucket-allocator-granularity=16"
    "memorysetup-bucket-allocator-bucket-count=8"
    "memorysetup-bucket-allocator-block-size=33554432"
    "memorysetup-bucket-allocator-block-count=8"
    "memorysetup-main-allocator-block-size=16777216"
    "memorysetup-thread-allocator-block-size=16777216"
    "memorysetup-gfx-main-allocator-block-size=16777216"
    "memorysetup-gfx-thread-allocator-block-size=16777216"
    "memorysetup-cache-allocator-block-size=4194304"
    "memorysetup-typetree-allocator-block-size=2097152"
    "memorysetup-profiler-bucket-allocator-granularity=16"
    "memorysetup-profiler-bucket-allocator-bucket-count=8"
    "memorysetup-profiler-bucket-allocator-block-size=33554432"
    "memorysetup-profiler-bucket-allocator-block-count=8"
    "memorysetup-profiler-allocator-block-size=16777216"
    "memorysetup-profiler-editor-allocator-block-size=1048576"
    "memorysetup-temp-allocator-size-main=16777216"
    "memorysetup-job-temp-allocator-block-size=2097152"
    "memorysetup-job-temp-allocator-block-size-background=1048576"
    "memorysetup-job-temp-allocator-reduction-small-platforms=262144"
    "memorysetup-allocator-temp-initial-block-size-main=262144"
    "memorysetup-allocator-temp-initial-block-size-worker=262144"
    "memorysetup-temp-allocator-size-background-worker=32768"
    "memorysetup-temp-allocator-size-job-worker=262144"
    "memorysetup-temp-allocator-size-preload-manager=33554432"
    "memorysetup-temp-allocator-size-nav-mesh-worker=65536"
    "memorysetup-temp-allocator-size-audio-worker=65536"
    "memorysetup-temp-allocator-size-cloud-worker=32768"
    "memorysetup-temp-allocator-size-gi-baking-worker=262144"
    "memorysetup-temp-allocator-size-gfx=262144"
Player connection [17768] Host "[IP] 172.27.128.1 [Port] 0 [Flags] 2 [Guid] 3018450339 [EditorId] 3018450339 [Version] 1048832 [Id] WindowsEditor(7,DESKTOP-A9OBSHJ) [Debug] 1 [PackageName] WindowsEditor [ProjectName] Editor" joined multi-casting on [225.0.0.222:54997]...

Player connection [17768] Host "[IP] 172.27.128.1 [Port] 0 [Flags] 2 [Guid] 3018450339 [EditorId] 3018450339 [Version] 1048832 [Id] WindowsEditor(7,DESKTOP-A9OBSHJ) [Debug] 1 [PackageName] WindowsEditor [ProjectName] Editor" joined alternative multi-casting on [225.0.0.222:34997]...

[Physics::Module] Initialized MultithreadedJobDispatcher with 7 workers.
Refreshing native plugins compatible for Editor in 272.63 ms, found 3 plugins.
Preloading 0 native plugins for Editor in 0.00 ms.
Initialize engine version: 2022.3.14f1 (eff2de9070d8)
[Subsystems] Discovering subsystems at path C:/Program Files/Unity/Hub/Editor/2022.3.14f1/Editor/Data/Resources/UnitySubsystems
[Subsystems] Discovering subsystems at path C:/Users/Max Musau/Desktop/Create-The-Greenprint-main (1)/Create-The-Greenprint-main/GP-Web/Assets
GfxDevice: creating device client; threaded=0; jobified=0
Direct3D:
    Version:  Direct3D 11.0 [level 11.1]
    Renderer: Intel(R) UHD Graphics 620 (ID=0x5917)
    Vendor:   Intel
    VRAM:     8137 MB
    Driver:   27.20.100.8854
Initialize mono
Mono path[0] = 'C:/Program Files/Unity/Hub/Editor/2022.3.14f1/Editor/Data/Managed'
Mono path[1] = 'C:/Program Files/Unity/Hub/Editor/2022.3.14f1/Editor/Data/MonoBleedingEdge/lib/mono/unityjit-win32'
Mono config path = 'C:/Program Files/Unity/Hub/Editor/2022.3.14f1/Editor/Data/MonoBleedingEdge/etc'
Using monoOptions --debugger-agent=transport=dt_socket,embedding=1,server=y,suspend=n,address=127.0.0.1:56548
Begin MonoManager ReloadAssembly
Registering precompiled unity dll's ...
Register platform support module: C:/Program Files/Unity/Hub/Editor/2022.3.14f1/Editor/Data/PlaybackEngines/AndroidPlayer/UnityEditor.Android.Extensions.dll
Register platform support module: C:/Program Files/Unity/Hub/Editor/2022.3.14f1/Editor/Data/PlaybackEngines/WindowsStandaloneSupport/UnityEditor.WindowsStandalone.Extensions.dll
Registered in 0.033024 seconds.
- Loaded All Assemblies, in  1.119 seconds
Native extension for WindowsStandalone target not found
Native extension for Android target not found
Android Extension - Scanning For ADB Devices 868 ms
Mono: successfully reloaded assembly
- Finished resetting the current domain, in  1.849 seconds
Domain Reload Profiling: 2962ms
	BeginReloadAssembly (322ms)
		ExecutionOrderSort (0ms)
		DisableScriptedObjects (0ms)
		BackupInstance (0ms)
		ReleaseScriptingObjects (0ms)
		CreateAndSetChildDomain (2ms)
	RebuildCommonClasses (116ms)
	RebuildNativeTypeToScriptingClass (35ms)
	initialDomainReloadingComplete (188ms)
	LoadAllAssembliesAndSetupDomain (451ms)
		LoadAssemblies (317ms)
		RebuildTransferFunctionScriptingTraits (0ms)
		AnalyzeDomain (444ms)
			TypeCache.Refresh (441ms)
				TypeCache.ScanAssembly (403ms)
			ScanForSourceGeneratedMonoScriptInfo (1ms)
			ResolveRequiredComponents (1ms)
	FinalizeReload (1850ms)
		ReleaseScriptCaches (0ms)
		RebuildScriptCaches (0ms)
		SetupLoadedEditorAssemblies (1675ms)
			LogAssemblyErrors (0ms)
			InitializePlatformSupportModulesInManaged (1203ms)
			SetLoadedEditorAssemblies (11ms)
			RefreshPlugins (0ms)
			BeforeProcessingInitializeOnLoad (7ms)
			ProcessInitializeOnLoadAttributes (314ms)
			ProcessInitializeOnLoadMethodAttributes (139ms)
			AfterProcessingInitializeOnLoad (0ms)
			EditorAssembliesLoaded (0ms)
		ExecutionOrderSort2 (0ms)
		AwakeInstancesAfterBackupRestoration (0ms)
========================================================================
Worker process is ready to serve import requests
Begin MonoManager ReloadAssembly
- Loaded All Assemblies, in  1.985 seconds
Refreshing native plugins compatible for Editor in 9.50 ms, found 3 plugins.
Native extension for WindowsStandalone target not found
Native extension for Android target not found
Package Manager log level set to [2]
[Package Manager] Server::EnsureServerProcessIsRunning -- launch failed, reason: Unity was launched with the -noUpm command-line argument
[Package Manager] UpmClient::Send -- Unable to send message (not connected to UPM process).
[Package Manager] Cannot connect to Unity Package Manager local server
Mono: successfully reloaded assembly
- Finished resetting the current domain, in  1.713 seconds
Domain Reload Profiling: 3688ms
	BeginReloadAssembly (445ms)
		ExecutionOrderSort (0ms)
		DisableScriptedObjects (15ms)
		BackupInstance (0ms)
		ReleaseScriptingObjects (0ms)
		CreateAndSetChildDomain (55ms)
	RebuildCommonClasses (104ms)
	RebuildNativeTypeToScriptingClass (33ms)
	initialDomainReloadingComplete (125ms)
	LoadAllAssembliesAndSetupDomain (1267ms)
		LoadAssemblies (927ms)
		RebuildTransferFunctionScriptingTraits (0ms)
		AnalyzeDomain (610ms)
			TypeCache.Refresh (543ms)
				TypeCache.ScanAssembly (495ms)
			ScanForSourceGeneratedMonoScriptInfo (50ms)
			ResolveRequiredComponents (14ms)
	FinalizeReload (1714ms)
		ReleaseScriptCaches (0ms)
		RebuildScriptCaches (0ms)
		SetupLoadedEditorAssemblies (1255ms)
			LogAssemblyErrors (0ms)
			InitializePlatformSupportModulesInManaged (80ms)
			SetLoadedEditorAssemblies (9ms)
			RefreshPlugins (0ms)
			BeforeProcessingInitializeOnLoad (188ms)
			ProcessInitializeOnLoadAttributes (862ms)
			ProcessInitializeOnLoadMethodAttributes (89ms)
			AfterProcessingInitializeOnLoad (27ms)
			EditorAssembliesLoaded (0ms)
		ExecutionOrderSort2 (0ms)
		AwakeInstancesAfterBackupRestoration (20ms)
Launched and connected shader compiler UnityShaderCompiler.exe after 0.15 seconds
Refreshing native plugins compatible for Editor in 14.66 ms, found 3 plugins.
Preloading 0 native plugins for Editor in 0.00 ms.
Unloading 3446 Unused Serialized files (Serialized files now loaded: 0)
Unloading 52 unused Assets / (1.3 MB). Loaded Objects now: 3904.
Memory consumption went from 152.4 MB to 151.1 MB.
Total: 9.648900 ms (FindLiveObjects: 0.620900 ms CreateObjectMapping: 0.645600 ms MarkObjects: 7.713100 ms  DeleteObjects: 0.667400 ms)

AssetImportParameters requested are different than current active one (requested -> active):
  custom:container-demuxer-ogg: 62fdf1f143b41e24485cea50d1cbac27 -> 
  custom:video-decoder-ogg-theora: a1e56fd34408186e4bbccfd4996cb3dc -> 
  custom:framework-win-MediaFoundation: 216162199b28c13a410421893ffa2e32 -> 
  custom:CustomObjectIndexerAttribute: 756ad292c208cfabdd7b50bc23989ffe -> 
  custom:container-demuxer-webm: 4f35f7cbe854078d1ac9338744f61a02 -> 
  custom:container-muxer-webm: aa71ff27fc2769a1b78a27578f13a17b -> 
  custom:video-decoder-webm-vp8: 9c59270c3fd7afecdb556c50c9e8de78 -> 
  custom:SearchIndexIgnoredProperties: e643bd26f0fe6173181afceb89e7c659 -> 
  custom:AudioImporter_EditorPlatform: d09bf68614088b80899f8185d706f6e7 -> 
  custom:video-encoder-webm-vp8: eb34c28f22e8b96e1ab97ce403110664 -> 
  custom:audio-decoder-ogg-vorbis: bf7c407c2cedff20999df2af8eb42d56 -> 
  custom:audio-encoder-webm-vorbis: bf7c407c2cedff20999df2af8eb42d56 -> 
========================================================================
Received Import Request.
  Time since last request: 1653779.665319 seconds.
  path: Assets/_GP/Materials/Orange.mat
  artifactKey: Guid(dd511d7c40830ac41b7cf1b5b94a9954) Importer(815301076,1909f56bfc062723c751e8b465ee728b)
Start importing Assets/_GP/Materials/Orange.mat using Guid(dd511d7c40830ac41b7cf1b5b94a9954) Importer(815301076,1909f56bfc062723c751e8b465ee728b)  -> (artifact id: 'fc8a62f9018cfdfccf1f81779a95a474') in 0.907884 seconds
Number of updated asset objects reloaded before import = 0
Number of asset objects unloaded after import = 1
========================================================================
Received Import Request.
  Time since last request: 0.000059 seconds.
  path: Assets/_GP/Materials/Transparent Red.mat
  artifactKey: Guid(25c8c5e32b6cf3443aa90c681618d4e8) Importer(815301076,1909f56bfc062723c751e8b465ee728b)
Start importing Assets/_GP/Materials/Transparent Red.mat using Guid(25c8c5e32b6cf3443aa90c681618d4e8) Importer(815301076,1909f56bfc062723c751e8b465ee728b)  -> (artifact id: 'cc6cce203e7780838348c332fee9cac2') in 0.042746 seconds
Number of updated asset objects reloaded before import = 0
Number of asset objects unloaded after import = 1
========================================================================
Received Import Request.
  Time since last request: 0.000038 seconds.
  path: Assets/beffio/UI - BUILDER/Source Files/Icons/Icons@2x-assets/Navigation/NaviIcon_22.png
  artifactKey: Guid(0c500d8fe0b69944e82f81c0c81dd330) Importer(815301076,1909f56bfc062723c751e8b465ee728b)
Start importing Assets/beffio/UI - BUILDER/Source Files/Icons/Icons@2x-assets/Navigation/NaviIcon_22.png using Guid(0c500d8fe0b69944e82f81c0c81dd330) Importer(815301076,1909f56bfc062723c751e8b465ee728b)  -> (artifact id: '9285abce8dbcacceb6cb5bd573ed2c0a') in 0.091982 seconds
Number of updated asset objects reloaded before import = 0
Number of asset objects unloaded after import = 3
========================================================================
Received Import Request.
  Time since last request: 0.000032 seconds.
  path: Assets/_GP/Materials/Blue.mat
  artifactKey: Guid(96b7e3a56ff20c84ab9bb44833ed6e22) Importer(815301076,1909f56bfc062723c751e8b465ee728b)
Start importing Assets/_GP/Materials/Blue.mat using Guid(96b7e3a56ff20c84ab9bb44833ed6e22) Importer(815301076,1909f56bfc062723c751e8b465ee728b)  -> (artifact id: '910b7084bd929da5908651060fbfc2f1') in 0.032637 seconds
Number of updated asset objects reloaded before import = 0
Number of asset objects unloaded after import = 1
========================================================================
Received Import Request.
  Time since last request: 0.000032 seconds.
  path: Assets/beffio/UI - BUILDER/Source Files/Icons/Icons@2x-assets/Navigation/NaviIcon_11.png
  artifactKey: Guid(5b87702e3ad84d846bd4ba63e851606b) Importer(815301076,1909f56bfc062723c751e8b465ee728b)
Start importing Assets/beffio/UI - BUILDER/Source Files/Icons/Icons@2x-assets/Navigation/NaviIcon_11.png using Guid(5b87702e3ad84d846bd4ba63e851606b) Importer(815301076,1909f56bfc062723c751e8b465ee728b)  -> (artifact id: 'e750d72f58e3b8156d58c9b36e42bcba') in 0.057573 seconds
Number of updated asset objects reloaded before import = 0
Number of asset objects unloaded after import = 3
========================================================================
Received Import Request.
  Time since last request: 0.000036 seconds.
  path: Assets/_GP/Presets/Food.asset
  artifactKey: Guid(bfbf1bf8457933a4dabf0d6c261e76e5) Importer(815301076,1909f56bfc062723c751e8b465ee728b)
Start importing Assets/_GP/Presets/Food.asset using Guid(bfbf1bf8457933a4dabf0d6c261e76e5) Importer(815301076,1909f56bfc062723c751e8b465ee728b)  -> (artifact id: '81821c882353b730e88ed039618b4104') in 0.020827 seconds
Number of updated asset objects reloaded before import = 0
Number of asset objects unloaded after import = 10
========================================================================
Received Import Request.
  Time since last request: 0.000046 seconds.
  path: Assets/_GP/Presets/Test.asset
  artifactKey: Guid(95f9536488aa1c9438936929fdd48138) Importer(815301076,1909f56bfc062723c751e8b465ee728b)
Start importing Assets/_GP/Presets/Test.asset using Guid(95f9536488aa1c9438936929fdd48138) Importer(815301076,1909f56bfc062723c751e8b465ee728b)  -> (artifact id: 'ce189e6f521b7cd2b9ed5386e51e802e') in 0.002418 seconds
Number of updated asset objects reloaded before import = 0
Number of asset objects unloaded after import = 1
========================================================================
Received Import Request.
  Time since last request: 0.000031 seconds.
  path: Assets/beffio/UI - BUILDER/Source Files/Icons/Icons@2x-assets/Navigation/NaviIcon_3.png
  artifactKey: Guid(ffcb6fd6443a756468cb54ccdcb6b30d) Importer(815301076,1909f56bfc062723c751e8b465ee728b)
Start importing Assets/beffio/UI - BUILDER/Source Files/Icons/Icons@2x-assets/Navigation/NaviIcon_3.png using Guid(ffcb6fd6443a756468cb54ccdcb6b30d) Importer(815301076,1909f56bfc062723c751e8b465ee728b)  -> (artifact id: '6957f3c3bde89ee84a785e16ddb8e60e') in 0.068931 seconds
Number of updated asset objects reloaded before import = 0
Number of asset objects unloaded after import = 3
========================================================================
Received Import Request.
  Time since last request: 0.000031 seconds.
  path: Assets/beffio/UI - BUILDER/Source Files/Icons/Icons@2x-assets/Navigation/NaviIcon_15.png
  artifactKey: Guid(77aafc26f4683ad43b7d6b40a8241021) Importer(815301076,1909f56bfc062723c751e8b465ee728b)
Start importing Assets/beffio/UI - BUILDER/Source Files/Icons/Icons@2x-assets/Navigation/NaviIcon_15.png using Guid(77aafc26f4683ad43b7d6b40a8241021) Importer(815301076,1909f56bfc062723c751e8b465ee728b)  -> (artifact id: 'e17d55b2517969ce7857c60896ee9448') in 0.067109 seconds
Number of updated asset objects reloaded before import = 0
Number of asset objects unloaded after import = 3
========================================================================
Received Import Request.
  Time since last request: 0.000082 seconds.
  path: Assets/beffio/UI - BUILDER/Source Files/Icons/Icons@2x-assets/Navigation/NaviIcon_13.png
  artifactKey: Guid(b52a3f62cc3ade446aeb7cebedc51082) Importer(815301076,1909f56bfc062723c751e8b465ee728b)
Start importing Assets/beffio/UI - BUILDER/Source Files/Icons/Icons@2x-assets/Navigation/NaviIcon_13.png using Guid(b52a3f62cc3ade446aeb7cebedc51082) Importer(815301076,1909f56bfc062723c751e8b465ee728b)  -> (artifact id: '68fa18294b0113b033209b1172050474') in 0.063748 seconds
Number of updated asset objects reloaded before import = 0
Number of asset objects unloaded after import = 3
========================================================================
Received Import Request.
  Time since last request: 0.000075 seconds.
  path: Assets/beffio/UI - BUILDER/Source Files/Icons/Icons@2x-assets/Navigation/NaviIcon_17.png
  artifactKey: Guid(50b34c0a5583b1143913cc5359ac8c31) Importer(815301076,1909f56bfc062723c751e8b465ee728b)
Start importing Assets/beffio/UI - BUILDER/Source Files/Icons/Icons@2x-assets/Navigation/NaviIcon_17.png using Guid(50b34c0a5583b1143913cc5359ac8c31) Importer(815301076,1909f56bfc062723c751e8b465ee728b)  -> (artifact id: 'c2cd3ee20d1a41a02997320178b68bda') in 0.074900 seconds
Number of updated asset objects reloaded before import = 0
Number of asset objects unloaded after import = 3
========================================================================
Received Import Request.
  Time since last request: 0.000027 seconds.
  path: Assets/_GP/Presets/Water.asset
  artifactKey: Guid(78fa54e37fdec634987a9437361ec6c5) Importer(815301076,1909f56bfc062723c751e8b465ee728b)
Start importing Assets/_GP/Presets/Water.asset using Guid(78fa54e37fdec634987a9437361ec6c5) Importer(815301076,1909f56bfc062723c751e8b465ee728b)  -> (artifact id: 'f9dd9c41df78656bf9889c159e301245') in 0.004111 seconds
Number of updated asset objects reloaded before import = 0
Number of asset objects unloaded after import = 10
========================================================================
Received Import Request.
  Time since last request: 0.000065 seconds.
  path: Assets/beffio/UI - BUILDER/Source Files/Icons/Icons@2x-assets/Navigation/NaviIcon_24.png
  artifactKey: Guid(e27ac9ca297b7b54b9228d0b54aa78b3) Importer(815301076,1909f56bfc062723c751e8b465ee728b)
Start importing Assets/beffio/UI - BUILDER/Source Files/Icons/Icons@2x-assets/Navigation/NaviIcon_24.png using Guid(e27ac9ca297b7b54b9228d0b54aa78b3) Importer(815301076,1909f56bfc062723c751e8b465ee728b)  -> (artifact id: 'f43b946417f9cf242472f2a7dbe8a8b2') in 0.104456 seconds
Number of updated asset objects reloaded before import = 0
Number of asset objects unloaded after import = 3
========================================================================
Received Import Request.
  Time since last request: 0.000030 seconds.
  path: Assets/_GP/Materials/Sunset.mat
  artifactKey: Guid(4c13d8f33bc2a744fa408ea4cda5fddb) Importer(815301076,1909f56bfc062723c751e8b465ee728b)
Start importing Assets/_GP/Materials/Sunset.mat using Guid(4c13d8f33bc2a744fa408ea4cda5fddb) Importer(815301076,1909f56bfc062723c751e8b465ee728b)  -> (artifact id: '0328e115a62bea7a7d9d5377e520f34a') in 0.042279 seconds
Number of updated asset objects reloaded before import = 0
Number of asset objects unloaded after import = 1
========================================================================
Received Import Request.
  Time since last request: 0.000037 seconds.
  path: Assets/_GP/Prefabs/Block Shelter.prefab
  artifactKey: Guid(bd4c21136c5a54a4fad9f2cea30e15cf) Importer(815301076,1909f56bfc062723c751e8b465ee728b)
Start importing Assets/_GP/Prefabs/Block Shelter.prefab using Guid(bd4c21136c5a54a4fad9f2cea30e15cf) Importer(815301076,1909f56bfc062723c751e8b465ee728b)  -> (artifact id: '977e8f306540f00a315895f524ecdf6f') in 0.073775 seconds
Number of updated asset objects reloaded before import = 0
Number of asset objects unloaded after import = 12
Editor requested this worker to shutdown with reason: Scaling down because of idle timeout
TcpMessagingSession - receive error: operation aborted. errorcode: 995, details: The I/O operation has been aborted because of either a thread exit or an application request.
AssetImportWorker is now disconnected from the server
Process exiting
Exiting without the bug reporter. Application will terminate with return code 0