Using pre-set license
Built from '2022.3/staging' branch; Version is '2022.3.14f1 (eff2de9070d8) revision 15725278'; Using compiler version '192829333'; Build Type 'Release'
OS: 'Windows 10  (10.0.19045) 64bit Professional' Language: 'en' Physical Memory: 16275 MB
BatchMode: 1, IsHumanControllingUs: 0, StartBugReporterOnCrash: 0, Is64bit: 1, IsPro: 1

COMMAND LINE ARGUMENTS:
C:\Program Files\Unity\Hub\Editor\2022.3.14f1\Editor\Unity.exe
-adb2
-batchMode
-noUpm
-name
AssetImportWorker13
-projectPath
C:/Users/Max Musau/Desktop/Create-The-Greenprint-main (1)/Create-The-Greenprint-main/GP-Web
-logFile
Logs/AssetImportWorker13.log
-srvPort
52586
Successfully changed project path to: C:/Users/Max Musau/Desktop/Create-The-Greenprint-main (1)/Create-The-Greenprint-main/GP-Web
C:/Users/Max Musau/Desktop/Create-The-Greenprint-main (1)/Create-The-Greenprint-main/GP-Web
[UnityMemory] Configuration Parameters - Can be set up in boot.config
    "memorysetup-bucket-allocator-granularity=16"
    "memorysetup-bucket-allocator-bucket-count=8"
    "memorysetup-bucket-allocator-block-size=33554432"
    "memorysetup-bucket-allocator-block-count=8"
    "memorysetup-main-allocator-block-size=16777216"
    "memorysetup-thread-allocator-block-size=16777216"
    "memorysetup-gfx-main-allocator-block-size=16777216"
    "memorysetup-gfx-thread-allocator-block-size=16777216"
    "memorysetup-cache-allocator-block-size=4194304"
    "memorysetup-typetree-allocator-block-size=2097152"
    "memorysetup-profiler-bucket-allocator-granularity=16"
    "memorysetup-profiler-bucket-allocator-bucket-count=8"
    "memorysetup-profiler-bucket-allocator-block-size=33554432"
    "memorysetup-profiler-bucket-allocator-block-count=8"
    "memorysetup-profiler-allocator-block-size=16777216"
    "memorysetup-profiler-editor-allocator-block-size=1048576"
    "memorysetup-temp-allocator-size-main=16777216"
    "memorysetup-job-temp-allocator-block-size=2097152"
    "memorysetup-job-temp-allocator-block-size-background=1048576"
    "memorysetup-job-temp-allocator-reduction-small-platforms=262144"
    "memorysetup-allocator-temp-initial-block-size-main=262144"
    "memorysetup-allocator-temp-initial-block-size-worker=262144"
    "memorysetup-temp-allocator-size-background-worker=32768"
    "memorysetup-temp-allocator-size-job-worker=262144"
    "memorysetup-temp-allocator-size-preload-manager=33554432"
    "memorysetup-temp-allocator-size-nav-mesh-worker=65536"
    "memorysetup-temp-allocator-size-audio-worker=65536"
    "memorysetup-temp-allocator-size-cloud-worker=32768"
    "memorysetup-temp-allocator-size-gi-baking-worker=262144"
    "memorysetup-temp-allocator-size-gfx=262144"
Player connection [25592] Host "[IP] 172.27.128.1 [Port] 0 [Flags] 2 [Guid] 2943149981 [EditorId] 2943149981 [Version] 1048832 [Id] WindowsEditor(7,DESKTOP-A9OBSHJ) [Debug] 1 [PackageName] WindowsEditor [ProjectName] Editor" joined multi-casting on [225.0.0.222:54997]...

Player connection [25592] Host "[IP] 172.27.128.1 [Port] 0 [Flags] 2 [Guid] 2943149981 [EditorId] 2943149981 [Version] 1048832 [Id] WindowsEditor(7,DESKTOP-A9OBSHJ) [Debug] 1 [PackageName] WindowsEditor [ProjectName] Editor" joined alternative multi-casting on [225.0.0.222:34997]...

[Physics::Module] Initialized MultithreadedJobDispatcher with 7 workers.
Refreshing native plugins compatible for Editor in 30.92 ms, found 3 plugins.
Preloading 0 native plugins for Editor in 0.00 ms.
Initialize engine version: 2022.3.14f1 (eff2de9070d8)
[Subsystems] Discovering subsystems at path C:/Program Files/Unity/Hub/Editor/2022.3.14f1/Editor/Data/Resources/UnitySubsystems
[Subsystems] Discovering subsystems at path C:/Users/Max Musau/Desktop/Create-The-Greenprint-main (1)/Create-The-Greenprint-main/GP-Web/Assets
GfxDevice: creating device client; threaded=0; jobified=0
Direct3D:
    Version:  Direct3D 11.0 [level 11.1]
    Renderer: Intel(R) UHD Graphics 620 (ID=0x5917)
    Vendor:   Intel
    VRAM:     8137 MB
    Driver:   27.20.100.8854
Initialize mono
Mono path[0] = 'C:/Program Files/Unity/Hub/Editor/2022.3.14f1/Editor/Data/Managed'
Mono path[1] = 'C:/Program Files/Unity/Hub/Editor/2022.3.14f1/Editor/Data/MonoBleedingEdge/lib/mono/unityjit-win32'
Mono config path = 'C:/Program Files/Unity/Hub/Editor/2022.3.14f1/Editor/Data/MonoBleedingEdge/etc'
Using monoOptions --debugger-agent=transport=dt_socket,embedding=1,server=y,suspend=n,address=127.0.0.1:56564
Begin MonoManager ReloadAssembly
Registering precompiled unity dll's ...
Register platform support module: C:/Program Files/Unity/Hub/Editor/2022.3.14f1/Editor/Data/PlaybackEngines/AndroidPlayer/UnityEditor.Android.Extensions.dll
Register platform support module: C:/Program Files/Unity/Hub/Editor/2022.3.14f1/Editor/Data/PlaybackEngines/WindowsStandaloneSupport/UnityEditor.WindowsStandalone.Extensions.dll
Registered in 0.051034 seconds.
- Loaded All Assemblies, in  1.660 seconds
Native extension for WindowsStandalone target not found
Native extension for Android target not found
Android Extension - Scanning For ADB Devices 949 ms
Mono: successfully reloaded assembly
- Finished resetting the current domain, in  2.729 seconds
Domain Reload Profiling: 4386ms
	BeginReloadAssembly (576ms)
		ExecutionOrderSort (0ms)
		DisableScriptedObjects (0ms)
		BackupInstance (0ms)
		ReleaseScriptingObjects (0ms)
		CreateAndSetChildDomain (3ms)
	RebuildCommonClasses (154ms)
	RebuildNativeTypeToScriptingClass (53ms)
	initialDomainReloadingComplete (252ms)
	LoadAllAssembliesAndSetupDomain (621ms)
		LoadAssemblies (563ms)
		RebuildTransferFunctionScriptingTraits (0ms)
		AnalyzeDomain (614ms)
			TypeCache.Refresh (610ms)
				TypeCache.ScanAssembly (557ms)
			ScanForSourceGeneratedMonoScriptInfo (1ms)
			ResolveRequiredComponents (2ms)
	FinalizeReload (2732ms)
		ReleaseScriptCaches (0ms)
		RebuildScriptCaches (0ms)
		SetupLoadedEditorAssemblies (2435ms)
			LogAssemblyErrors (0ms)
			InitializePlatformSupportModulesInManaged (1433ms)
			SetLoadedEditorAssemblies (27ms)
			RefreshPlugins (0ms)
			BeforeProcessingInitializeOnLoad (17ms)
			ProcessInitializeOnLoadAttributes (777ms)
			ProcessInitializeOnLoadMethodAttributes (180ms)
			AfterProcessingInitializeOnLoad (0ms)
			EditorAssembliesLoaded (0ms)
		ExecutionOrderSort2 (0ms)
		AwakeInstancesAfterBackupRestoration (0ms)
========================================================================
Worker process is ready to serve import requests
Begin MonoManager ReloadAssembly
- Loaded All Assemblies, in  2.669 seconds
Refreshing native plugins compatible for Editor in 12.17 ms, found 3 plugins.
Native extension for WindowsStandalone target not found
Native extension for Android target not found
Package Manager log level set to [2]
[Package Manager] Server::EnsureServerProcessIsRunning -- launch failed, reason: Unity was launched with the -noUpm command-line argument
[Package Manager] UpmClient::Send -- Unable to send message (not connected to UPM process).
[Package Manager] Cannot connect to Unity Package Manager local server
Mono: successfully reloaded assembly
- Finished resetting the current domain, in  2.238 seconds
Domain Reload Profiling: 4896ms
	BeginReloadAssembly (589ms)
		ExecutionOrderSort (0ms)
		DisableScriptedObjects (25ms)
		BackupInstance (0ms)
		ReleaseScriptingObjects (0ms)
		CreateAndSetChildDomain (84ms)
	RebuildCommonClasses (154ms)
	RebuildNativeTypeToScriptingClass (52ms)
	initialDomainReloadingComplete (132ms)
	LoadAllAssembliesAndSetupDomain (1730ms)
		LoadAssemblies (1280ms)
		RebuildTransferFunctionScriptingTraits (0ms)
		AnalyzeDomain (812ms)
			TypeCache.Refresh (719ms)
				TypeCache.ScanAssembly (660ms)
			ScanForSourceGeneratedMonoScriptInfo (74ms)
			ResolveRequiredComponents (16ms)
	FinalizeReload (2239ms)
		ReleaseScriptCaches (0ms)
		RebuildScriptCaches (0ms)
		SetupLoadedEditorAssemblies (1648ms)
			LogAssemblyErrors (0ms)
			InitializePlatformSupportModulesInManaged (123ms)
			SetLoadedEditorAssemblies (13ms)
			RefreshPlugins (0ms)
			BeforeProcessingInitializeOnLoad (338ms)
			ProcessInitializeOnLoadAttributes (1094ms)
			ProcessInitializeOnLoadMethodAttributes (62ms)
			AfterProcessingInitializeOnLoad (18ms)
			EditorAssembliesLoaded (0ms)
		ExecutionOrderSort2 (0ms)
		AwakeInstancesAfterBackupRestoration (14ms)
Launched and connected shader compiler UnityShaderCompiler.exe after 0.25 seconds
Refreshing native plugins compatible for Editor in 23.64 ms, found 3 plugins.
Preloading 0 native plugins for Editor in 0.00 ms.
Unloading 3446 Unused Serialized files (Serialized files now loaded: 0)
Unloading 52 unused Assets / (1.3 MB). Loaded Objects now: 3904.
Memory consumption went from 152.6 MB to 151.3 MB.
Total: 7.017100 ms (FindLiveObjects: 0.421500 ms CreateObjectMapping: 0.389200 ms MarkObjects: 5.503300 ms  DeleteObjects: 0.701200 ms)

AssetImportParameters requested are different than current active one (requested -> active):
  custom:container-demuxer-ogg: 62fdf1f143b41e24485cea50d1cbac27 -> 
  custom:video-decoder-ogg-theora: a1e56fd34408186e4bbccfd4996cb3dc -> 
  custom:framework-win-MediaFoundation: 216162199b28c13a410421893ffa2e32 -> 
  custom:CustomObjectIndexerAttribute: 756ad292c208cfabdd7b50bc23989ffe -> 
  custom:container-demuxer-webm: 4f35f7cbe854078d1ac9338744f61a02 -> 
  custom:container-muxer-webm: aa71ff27fc2769a1b78a27578f13a17b -> 
  custom:video-decoder-webm-vp8: 9c59270c3fd7afecdb556c50c9e8de78 -> 
  custom:SearchIndexIgnoredProperties: e643bd26f0fe6173181afceb89e7c659 -> 
  custom:AudioImporter_EditorPlatform: d09bf68614088b80899f8185d706f6e7 -> 
  custom:video-encoder-webm-vp8: eb34c28f22e8b96e1ab97ce403110664 -> 
  custom:audio-decoder-ogg-vorbis: bf7c407c2cedff20999df2af8eb42d56 -> 
  custom:audio-encoder-webm-vorbis: bf7c407c2cedff20999df2af8eb42d56 -> 
========================================================================
Received Import Request.
  Time since last request: 1658755.966062 seconds.
  path: Assets/beffio/UI - BUILDER/Source Files/Icons/Icons@2x-assets/Media/MediaIcon_5.png
  artifactKey: Guid(709de9f0c64cd3e44bb2e94c9cea637d) Importer(815301076,1909f56bfc062723c751e8b465ee728b)
Start importing Assets/beffio/UI - BUILDER/Source Files/Icons/Icons@2x-assets/Media/MediaIcon_5.png using Guid(709de9f0c64cd3e44bb2e94c9cea637d) Importer(815301076,1909f56bfc062723c751e8b465ee728b)  -> (artifact id: '793d8c03c4e91c3ad1a454a9a065e53f') in 0.348968 seconds
Number of updated asset objects reloaded before import = 0
Number of asset objects unloaded after import = 3
========================================================================
Received Import Request.
  Time since last request: 0.000039 seconds.
  path: Assets/beffio/UI - BUILDER/Source Files/Icons/Icons@2x-assets/Media/MediaIcon_24.png
  artifactKey: Guid(64a55139bbf135f44b059095a281ee20) Importer(815301076,1909f56bfc062723c751e8b465ee728b)
Start importing Assets/beffio/UI - BUILDER/Source Files/Icons/Icons@2x-assets/Media/MediaIcon_24.png using Guid(64a55139bbf135f44b059095a281ee20) Importer(815301076,1909f56bfc062723c751e8b465ee728b)  -> (artifact id: '20724cef2879097d7702682266528c20') in 0.055548 seconds
Number of updated asset objects reloaded before import = 0
Number of asset objects unloaded after import = 3
========================================================================
Received Import Request.
  Time since last request: 0.000051 seconds.
  path: Assets/beffio/UI - BUILDER/Source Files/Icons/Icons@2x-assets/Media/MediaIcon_31.png
  artifactKey: Guid(be3e1c357161b9a40bebff6069bad4e9) Importer(815301076,1909f56bfc062723c751e8b465ee728b)
Start importing Assets/beffio/UI - BUILDER/Source Files/Icons/Icons@2x-assets/Media/MediaIcon_31.png using Guid(be3e1c357161b9a40bebff6069bad4e9) Importer(815301076,1909f56bfc062723c751e8b465ee728b)  -> (artifact id: '8db8bd5173d4962e22c20e1380e9dc25') in 0.068239 seconds
Number of updated asset objects reloaded before import = 0
Number of asset objects unloaded after import = 3
========================================================================
Received Import Request.
  Time since last request: 0.000034 seconds.
  path: Assets/beffio/UI - BUILDER/Source Files/Icons/Icons@2x-assets/Media/MediaIcon_23.png
  artifactKey: Guid(2298a0c7672ad0d4bb72ee8129ccfd46) Importer(815301076,1909f56bfc062723c751e8b465ee728b)
Start importing Assets/beffio/UI - BUILDER/Source Files/Icons/Icons@2x-assets/Media/MediaIcon_23.png using Guid(2298a0c7672ad0d4bb72ee8129ccfd46) Importer(815301076,1909f56bfc062723c751e8b465ee728b)  -> (artifact id: 'a765461be34e62075bf00917ab068ce1') in 0.065402 seconds
Number of updated asset objects reloaded before import = 0
Number of asset objects unloaded after import = 3
========================================================================
Received Import Request.
  Time since last request: 31.318250 seconds.
  path: Assets/beffio/UI - BUILDER/Source Files/Icons/Icons@4x-assets/Media/MediaIcon_5.png
  artifactKey: Guid(08b2d08009715b9458abc03ef11b381e) Importer(815301076,1909f56bfc062723c751e8b465ee728b)
Start importing Assets/beffio/UI - BUILDER/Source Files/Icons/Icons@4x-assets/Media/MediaIcon_5.png using Guid(08b2d08009715b9458abc03ef11b381e) Importer(815301076,1909f56bfc062723c751e8b465ee728b)  -> (artifact id: '8247635a8a4e9a29c150c53bf00e69e8') in 0.183974 seconds
Number of updated asset objects reloaded before import = 0
Number of asset objects unloaded after import = 3
========================================================================
Received Import Request.
  Time since last request: 0.000104 seconds.
  path: Assets/beffio/UI - BUILDER/Source Files/Icons/Icons@4x-assets/Media/MediaIcon_10.png
  artifactKey: Guid(e2cb788211bbbe74ebe7a7800ba99417) Importer(815301076,1909f56bfc062723c751e8b465ee728b)
Start importing Assets/beffio/UI - BUILDER/Source Files/Icons/Icons@4x-assets/Media/MediaIcon_10.png using Guid(e2cb788211bbbe74ebe7a7800ba99417) Importer(815301076,1909f56bfc062723c751e8b465ee728b)  -> (artifact id: '520d12fd041d46f73b3677cdb75212f5') in 0.111965 seconds
Number of updated asset objects reloaded before import = 0
Number of asset objects unloaded after import = 3
========================================================================
Received Import Request.
  Time since last request: 0.000046 seconds.
  path: Assets/beffio/UI - BUILDER/Source Files/Icons/Icons@4x-assets/Media/MediaIcon_17.png
  artifactKey: Guid(f51e29a18359e2e4caee809754cdf56e) Importer(815301076,1909f56bfc062723c751e8b465ee728b)
Start importing Assets/beffio/UI - BUILDER/Source Files/Icons/Icons@4x-assets/Media/MediaIcon_17.png using Guid(f51e29a18359e2e4caee809754cdf56e) Importer(815301076,1909f56bfc062723c751e8b465ee728b)  -> (artifact id: '29995fb1a7388a642dfe592d26b80e48') in 0.058889 seconds
Number of updated asset objects reloaded before import = 0
Number of asset objects unloaded after import = 3
========================================================================
Received Import Request.
  Time since last request: 0.000027 seconds.
  path: Assets/beffio/UI - BUILDER/Source Files/Icons/Icons@4x-assets/Media/MediaIcon_20.png
  artifactKey: Guid(a1153e91df340f541b219c7f6557cc16) Importer(815301076,1909f56bfc062723c751e8b465ee728b)
Start importing Assets/beffio/UI - BUILDER/Source Files/Icons/Icons@4x-assets/Media/MediaIcon_20.png using Guid(a1153e91df340f541b219c7f6557cc16) Importer(815301076,1909f56bfc062723c751e8b465ee728b)  -> (artifact id: 'd6b3d7a02de6c86cb475c0422da9bf93') in 0.060262 seconds
Number of updated asset objects reloaded before import = 0
Number of asset objects unloaded after import = 3
========================================================================
Received Import Request.
  Time since last request: 0.000049 seconds.
  path: Assets/beffio/UI - BUILDER/Source Files/Icons/Icons@4x-assets/Media/MediaIcon_31.png
  artifactKey: Guid(26749eef130bcbf4e9b68acd62550474) Importer(815301076,1909f56bfc062723c751e8b465ee728b)
Start importing Assets/beffio/UI - BUILDER/Source Files/Icons/Icons@4x-assets/Media/MediaIcon_31.png using Guid(26749eef130bcbf4e9b68acd62550474) Importer(815301076,1909f56bfc062723c751e8b465ee728b)  -> (artifact id: '48fbd24af4fc988a10b6bb8e58945cd2') in 0.074107 seconds
Number of updated asset objects reloaded before import = 0
Number of asset objects unloaded after import = 3
========================================================================
Received Import Request.
  Time since last request: 0.000053 seconds.
  path: Assets/beffio/UI - BUILDER/Source Files/Icons/Icons@4x-assets/Media/MediaIcon_23.png
  artifactKey: Guid(2e6384f8f92a2f34399b071a028d3da0) Importer(815301076,1909f56bfc062723c751e8b465ee728b)
Start importing Assets/beffio/UI - BUILDER/Source Files/Icons/Icons@4x-assets/Media/MediaIcon_23.png using Guid(2e6384f8f92a2f34399b071a028d3da0) Importer(815301076,1909f56bfc062723c751e8b465ee728b)  -> (artifact id: '0624e502ee372b59a7056e786bd72637') in 0.067900 seconds
Number of updated asset objects reloaded before import = 0
Number of asset objects unloaded after import = 3
========================================================================
Received Import Request.
  Time since last request: 6.787625 seconds.
  path: Assets/beffio/UI - BUILDER/Source Files/Icons/Icons@4x-assets/Navigation/NaviIcon_6.png
  artifactKey: Guid(468d81f8ea996894a98df61bb6bdd9f8) Importer(815301076,1909f56bfc062723c751e8b465ee728b)
Start importing Assets/beffio/UI - BUILDER/Source Files/Icons/Icons@4x-assets/Navigation/NaviIcon_6.png using Guid(468d81f8ea996894a98df61bb6bdd9f8) Importer(815301076,1909f56bfc062723c751e8b465ee728b)  -> (artifact id: '5bc6e3aa942c1a1e7ae262b16f002714') in 0.119895 seconds
Number of updated asset objects reloaded before import = 0
Number of asset objects unloaded after import = 3
========================================================================
Received Import Request.
  Time since last request: 0.000046 seconds.
  path: Assets/beffio/UI - BUILDER/Source Files/Icons/Icons@4x-assets/Navigation/NaviIcon_9.png
  artifactKey: Guid(ea34a706f9055c24aa5de87b3dfb3b64) Importer(815301076,1909f56bfc062723c751e8b465ee728b)
Start importing Assets/beffio/UI - BUILDER/Source Files/Icons/Icons@4x-assets/Navigation/NaviIcon_9.png using Guid(ea34a706f9055c24aa5de87b3dfb3b64) Importer(815301076,1909f56bfc062723c751e8b465ee728b)  -> (artifact id: '531dc8f1025f2ad93846807dc2d1af56') in 0.104514 seconds
Number of updated asset objects reloaded before import = 0
Number of asset objects unloaded after import = 3
========================================================================
Received Import Request.
  Time since last request: 0.000061 seconds.
  path: Assets/beffio/UI - BUILDER/Source Files/Icons/Icons@4x-assets/Navigation/NaviIcon_15.png
  artifactKey: Guid(a31d056a8bdd22c49903874a130553fd) Importer(815301076,1909f56bfc062723c751e8b465ee728b)
Start importing Assets/beffio/UI - BUILDER/Source Files/Icons/Icons@4x-assets/Navigation/NaviIcon_15.png using Guid(a31d056a8bdd22c49903874a130553fd) Importer(815301076,1909f56bfc062723c751e8b465ee728b)  -> (artifact id: '826518c1ea608d832b8c59363bc89c9c') in 0.125313 seconds
Number of updated asset objects reloaded before import = 0
Number of asset objects unloaded after import = 3
========================================================================
Received Import Request.
  Time since last request: 0.000081 seconds.
  path: Assets/beffio/UI - BUILDER/Source Files/Icons/Icons@4x-assets/Navigation/NaviIcon_23.png
  artifactKey: Guid(9ccc272d28f4eda4f982d605fee95fcd) Importer(815301076,1909f56bfc062723c751e8b465ee728b)
Start importing Assets/beffio/UI - BUILDER/Source Files/Icons/Icons@4x-assets/Navigation/NaviIcon_23.png using Guid(9ccc272d28f4eda4f982d605fee95fcd) Importer(815301076,1909f56bfc062723c751e8b465ee728b)  -> (artifact id: 'dd6647f3c79257a9ff48bc08c733a978') in 0.081275 seconds
Number of updated asset objects reloaded before import = 0
Number of asset objects unloaded after import = 3
Editor requested this worker to shutdown with reason: Scaling down because of idle timeout
TcpMessagingSession - receive error: operation aborted. errorcode: 995, details: The I/O operation has been aborted because of either a thread exit or an application request.
AssetImportWorker is now disconnected from the server
Process exiting
Exiting without the bug reporter. Application will terminate with return code 0